[2025-07-26T09:17:24.816Z] INFO เซิร์ฟเวอร์กำลังเริ่มต้น...
[2025-07-26T09:17:24.818Z] SUCCESS เชื่อมต่อฐานข้อมูลสำเร็จ
[2025-07-26T09:17:24.821Z] SUCCESS ✅ Server รันที่ http://localhost:3000
[2025-07-26T09:17:45.777Z] INFO เซิร์ฟเวอร์กำลังเริ่มต้น...
[2025-07-26T09:17:45.779Z] SUCCESS เชื่อมต่อฐานข้อมูลสำเร็จ
[2025-07-26T09:17:45.782Z] SUCCESS ✅ Server รันที่ http://localhost:3000
[2025-07-26T09:18:11.293Z] INFO เซิร์ฟเวอร์กำลังเริ่มต้น...
[2025-07-26T09:18:11.295Z] SUCCESS เชื่อมต่อฐานข้อมูลสำเร็จ
[2025-07-26T09:18:11.298Z] SUCCESS ✅ Server รันที่ http://localhost:3000
[2025-07-26T09:18:28.175Z] INFO รับข้อมูล Temperature: 39.3°C, Humidity: 55.2%, Smoke: 1
[2025-07-26T09:18:28.176Z] SUCCESS โหลด config.json สำเร็จ
[2025-07-26T09:18:29.257Z] INFO รับข้อมูล Temperature: 39.3°C, Humidity: 55.2%, Smoke: 2
[2025-07-26T09:18:29.258Z] SUCCESS โหลด config.json สำเร็จ
[2025-07-26T09:18:30.373Z] INFO รับข้อมูล Temperature: 39.3°C, Humidity: 55%, Smoke: 4
[2025-07-26T09:18:30.373Z] SUCCESS โหลด config.json สำเร็จ
[2025-07-26T09:18:31.453Z] INFO รับข้อมูล Temperature: 39.3°C, Humidity: 55%, Smoke: 6
[2025-07-26T09:18:31.454Z] SUCCESS โหลด config.json สำเร็จ
[2025-07-26T09:18:32.679Z] INFO รับข้อมูล Temperature: 39.4°C, Humidity: 55%, Smoke: 3
[2025-07-26T09:18:32.680Z] SUCCESS โหลด config.json สำเร็จ
[2025-07-26T09:18:33.908Z] INFO รับข้อมูล Temperature: 39.4°C, Humidity: 55%, Smoke: 10
[2025-07-26T09:18:33.908Z] SUCCESS โหลด config.json สำเร็จ
[2025-07-26T09:18:34.988Z] INFO รับข้อมูล Temperature: 39.4°C, Humidity: 54.9%, Smoke: 18
[2025-07-26T09:18:34.989Z] SUCCESS โหลด config.json สำเร็จ
[2025-07-26T09:18:36.160Z] INFO รับข้อมูล Temperature: 39.4°C, Humidity: 54.9%, Smoke: 24
[2025-07-26T09:18:36.161Z] SUCCESS โหลด config.json สำเร็จ
[2025-07-26T09:18:37.245Z] SUCCESS โหลด config.json สำเร็จ
[2025-07-26T09:18:37.245Z] INFO รับข้อมูล Temperature: 39.4°C, Humidity: 54.9%, Smoke: 37
[2025-07-26T09:18:38.315Z] SUCCESS โหลด config.json สำเร็จ
[2025-07-26T09:18:38.314Z] INFO รับข้อมูล Temperature: 39.4°C, Humidity: 54.9%, Smoke: 54
[2025-07-26T09:18:39.437Z] INFO รับข้อมูล Temperature: 39.4°C, Humidity: 55%, Smoke: 66
[2025-07-26T09:18:39.438Z] SUCCESS โหลด config.json สำเร็จ
[2025-07-26T09:18:40.665Z] INFO รับข้อมูล Temperature: 39.4°C, Humidity: 55%, Smoke: 82
[2025-07-26T09:18:40.666Z] SUCCESS โหลด config.json สำเร็จ
[2025-07-26T09:18:41.741Z] INFO รับข้อมูล Temperature: 39.5°C, Humidity: 55%, Smoke: 98
[2025-07-26T09:18:41.741Z] SUCCESS โหลด config.json สำเร็จ
[2025-07-26T09:18:42.919Z] INFO รับข้อมูล Temperature: 39.5°C, Humidity: 55%, Smoke: 113
[2025-07-26T09:18:42.919Z] SUCCESS โหลด config.json สำเร็จ
[2025-07-26T09:18:44.148Z] INFO รับข้อมูล Temperature: 39.5°C, Humidity: 55%, Smoke: 120
[2025-07-26T09:18:44.148Z] SUCCESS โหลด config.json สำเร็จ
[2025-07-26T09:18:45.377Z] INFO รับข้อมูล Temperature: 39.5°C, Humidity: 55%, Smoke: 122
[2025-07-26T09:18:45.378Z] SUCCESS โหลด config.json สำเร็จ
[2025-07-26T09:18:46.604Z] INFO รับข้อมูล Temperature: 39.5°C, Humidity: 54.9%, Smoke: 130
[2025-07-26T09:18:46.605Z] SUCCESS โหลด config.json สำเร็จ
[2025-07-26T09:18:47.841Z] INFO รับข้อมูล Temperature: 39.5°C, Humidity: 54.9%, Smoke: 133
[2025-07-26T09:18:47.841Z] SUCCESS โหลด config.json สำเร็จ
[2025-07-26T09:18:49.063Z] INFO รับข้อมูล Temperature: 39.5°C, Humidity: 54.9%, Smoke: 140
[2025-07-26T09:18:49.063Z] SUCCESS โหลด config.json สำเร็จ
[2025-07-26T09:18:50.140Z] INFO รับข้อมูล Temperature: 39.5°C, Humidity: 54.9%, Smoke: 142
[2025-07-26T09:18:50.141Z] SUCCESS โหลด config.json สำเร็จ
[2025-07-26T09:18:51.315Z] INFO รับข้อมูล Temperature: 39.5°C, Humidity: 54.9%, Smoke: 145
[2025-07-26T09:18:51.316Z] SUCCESS โหลด config.json สำเร็จ
[2025-07-26T09:18:52.545Z] INFO รับข้อมูล Temperature: 39.5°C, Humidity: 54.9%, Smoke: 148
[2025-07-26T09:18:52.545Z] SUCCESS โหลด config.json สำเร็จ
[2025-07-26T09:18:53.773Z] INFO รับข้อมูล Temperature: 39.6°C, Humidity: 54.9%, Smoke: 145
[2025-07-26T09:18:53.773Z] SUCCESS โหลด config.json สำเร็จ
[2025-07-26T09:18:55.002Z] INFO รับข้อมูล Temperature: 39.6°C, Humidity: 54.9%, Smoke: 147
[2025-07-26T09:18:55.002Z] SUCCESS โหลด config.json สำเร็จ
[2025-07-26T09:18:56.640Z] INFO รับข้อมูล Temperature: 39.6°C, Humidity: 54.9%, Smoke: 144
[2025-07-26T09:18:56.640Z] SUCCESS โหลด config.json สำเร็จ
[2025-07-26T09:18:58.278Z] INFO รับข้อมูล Temperature: 39.6°C, Humidity: 54.8%, Smoke: 142
[2025-07-26T09:18:58.279Z] SUCCESS โหลด config.json สำเร็จ
[2025-07-26T09:18:59.509Z] INFO รับข้อมูล Temperature: 39.6°C, Humidity: 54.8%, Smoke: 139
[2025-07-26T09:18:59.510Z] SUCCESS โหลด config.json สำเร็จ
[2025-07-26T09:19:00.736Z] INFO รับข้อมูล Temperature: 39.6°C, Humidity: 54.8%, Smoke: 132
[2025-07-26T09:19:00.737Z] SUCCESS โหลด config.json สำเร็จ
[2025-07-26T09:19:02.374Z] SUCCESS โหลด config.json สำเร็จ
[2025-07-26T09:19:02.373Z] INFO รับข้อมูล Temperature: 39.6°C, Humidity: 54.8%, Smoke: 134
[2025-07-26T09:19:04.012Z] INFO รับข้อมูล Temperature: 39.6°C, Humidity: 54.7%, Smoke: 139
[2025-07-26T09:19:04.013Z] SUCCESS โหลด config.json สำเร็จ
[2025-07-26T09:19:05.078Z] INFO รับข้อมูล Temperature: 39.6°C, Humidity: 54.7%, Smoke: 136
[2025-07-26T09:19:05.079Z] SUCCESS โหลด config.json สำเร็จ
[2025-07-26T09:19:06.266Z] INFO รับข้อมูล Temperature: 39.6°C, Humidity: 54.7%, Smoke: 136
[2025-07-26T09:19:06.267Z] SUCCESS โหลด config.json สำเร็จ
[2025-07-26T09:19:07.499Z] SUCCESS โหลด config.json สำเร็จ
[2025-07-26T09:19:07.498Z] INFO รับข้อมูล Temperature: 39.6°C, Humidity: 54.7%, Smoke: 138
[2025-07-26T09:19:08.725Z] INFO รับข้อมูล Temperature: 39.6°C, Humidity: 54.7%, Smoke: 140
[2025-07-26T09:19:08.726Z] SUCCESS โหลด config.json สำเร็จ
[2025-07-26T09:19:09.952Z] INFO รับข้อมูล Temperature: 39.6°C, Humidity: 54.7%, Smoke: 135
[2025-07-26T09:19:09.952Z] SUCCESS โหลด config.json สำเร็จ
[2025-07-26T09:19:11.033Z] INFO รับข้อมูล Temperature: 39.7°C, Humidity: 54.6%, Smoke: 132
[2025-07-26T09:19:11.034Z] SUCCESS โหลด config.json สำเร็จ
[2025-07-26T09:19:12.206Z] INFO รับข้อมูล Temperature: 39.7°C, Humidity: 54.6%, Smoke: 132
[2025-07-26T09:19:12.206Z] SUCCESS โหลด config.json สำเร็จ
[2025-07-26T09:19:13.290Z] INFO รับข้อมูล Temperature: 39.7°C, Humidity: 54.6%, Smoke: 124
[2025-07-26T09:19:13.291Z] SUCCESS โหลด config.json สำเร็จ
[2025-07-26T09:19:14.359Z] INFO รับข้อมูล Temperature: 39.7°C, Humidity: 54.6%, Smoke: 128
[2025-07-26T09:19:14.360Z] SUCCESS โหลด config.json สำเร็จ
[2025-07-26T09:19:15.438Z] INFO รับข้อมูล Temperature: 39.7°C, Humidity: 54.5%, Smoke: 124
[2025-07-26T09:19:15.439Z] SUCCESS โหลด config.json สำเร็จ
[2025-07-26T09:19:16.515Z] INFO รับข้อมูล Temperature: 39.7°C, Humidity: 54.5%, Smoke: 122
[2025-07-26T09:19:16.516Z] SUCCESS โหลด config.json สำเร็จ
[2025-07-26T09:19:17.734Z] INFO รับข้อมูล Temperature: 39.7°C, Humidity: 54.6%, Smoke: 131
[2025-07-26T09:19:17.734Z] SUCCESS โหลด config.json สำเร็จ
[2025-07-26T09:19:18.963Z] INFO รับข้อมูล Temperature: 39.7°C, Humidity: 54.6%, Smoke: 124
[2025-07-26T09:19:18.964Z] SUCCESS โหลด config.json สำเร็จ
[2025-07-26T09:19:20.191Z] INFO รับข้อมูล Temperature: 39.7°C, Humidity: 54.5%, Smoke: 130
[2025-07-26T09:19:20.192Z] SUCCESS โหลด config.json สำเร็จ
[2025-07-26T09:19:21.267Z] INFO รับข้อมูล Temperature: 39.7°C, Humidity: 54.5%, Smoke: 124
[2025-07-26T09:19:21.267Z] SUCCESS โหลด config.json สำเร็จ
[2025-07-26T09:19:22.443Z] INFO รับข้อมูล Temperature: 39.7°C, Humidity: 54.5%, Smoke: 121
[2025-07-26T09:19:22.444Z] SUCCESS โหลด config.json สำเร็จ
[2025-07-26T09:19:23.527Z] SUCCESS โหลด config.json สำเร็จ
[2025-07-26T09:19:23.526Z] INFO รับข้อมูล Temperature: 39.7°C, Humidity: 54.5%, Smoke: 122
[2025-07-26T09:19:24.696Z] INFO รับข้อมูล Temperature: 39.7°C, Humidity: 54.5%, Smoke: 124
[2025-07-26T09:19:24.697Z] SUCCESS โหลด config.json สำเร็จ
[2025-07-26T09:19:25.926Z] INFO รับข้อมูล Temperature: 39.7°C, Humidity: 54.5%, Smoke: 124
[2025-07-26T09:19:25.926Z] SUCCESS โหลด config.json สำเร็จ
[2025-07-26T09:19:27.007Z] INFO รับข้อมูล Temperature: 39.7°C, Humidity: 54.5%, Smoke: 123
[2025-07-26T09:19:27.008Z] SUCCESS โหลด config.json สำเร็จ
[2025-07-26T09:19:28.180Z] INFO รับข้อมูล Temperature: 39.7°C, Humidity: 54.5%, Smoke: 129
[2025-07-26T09:19:28.180Z] SUCCESS โหลด config.json สำเร็จ
[2025-07-26T09:19:29.408Z] INFO รับข้อมูล Temperature: 39.7°C, Humidity: 54.6%, Smoke: 129
[2025-07-26T09:19:29.408Z] SUCCESS โหลด config.json สำเร็จ
[2025-07-26T09:19:30.635Z] INFO รับข้อมูล Temperature: 39.7°C, Humidity: 54.6%, Smoke: 127
[2025-07-26T09:19:30.637Z] SUCCESS โหลด config.json สำเร็จ
[2025-07-26T09:19:31.867Z] INFO รับข้อมูล Temperature: 39.7°C, Humidity: 54.6%, Smoke: 124
[2025-07-26T09:19:31.868Z] SUCCESS โหลด config.json สำเร็จ
[2025-07-26T09:19:31.993Z] SUCCESS บันทึก config.json สำเร็จ
[2025-07-26T09:19:32.940Z] INFO รับข้อมูล Temperature: 39.7°C, Humidity: 54.6%, Smoke: 128
[2025-07-26T09:19:32.941Z] SUCCESS โหลด config.json สำเร็จ
[2025-07-26T09:19:33.591Z] SUCCESS ส่งแจ้งเตือน Discord สำเร็จ
[2025-07-26T09:19:33.591Z] ERROR ส่งแจ้งเตือนผิดพลาด: sendTelegram is not defined
[2025-07-26T09:19:33.982Z] INFO API /api/config ถูกเรียก
[2025-07-26T09:19:33.983Z] SUCCESS โหลด config.json สำเร็จ
[2025-07-26T09:19:34.939Z] INFO รับข้อมูล Temperature: 39.8°C, Humidity: 54.5%, Smoke: 123
[2025-07-26T09:19:34.940Z] SUCCESS โหลด config.json สำเร็จ
[2025-07-26T09:19:34.940Z] WARNING ข้ามการส่งแจ้งเตือน เพราะยังอยู่ในช่วงหน่วงเวลา
[2025-07-26T09:19:36.017Z] INFO รับข้อมูล Temperature: 39.8°C, Humidity: 54.5%, Smoke: 123
[2025-07-26T09:19:36.017Z] SUCCESS โหลด config.json สำเร็จ
[2025-07-26T09:19:36.018Z] WARNING ข้ามการส่งแจ้งเตือน เพราะยังอยู่ในช่วงหน่วงเวลา
[2025-07-26T09:19:37.190Z] INFO รับข้อมูล Temperature: 39.8°C, Humidity: 54.5%, Smoke: 118
[2025-07-26T09:19:37.191Z] WARNING ข้ามการส่งแจ้งเตือน เพราะยังอยู่ในช่วงหน่วงเวลา
[2025-07-26T09:19:37.191Z] SUCCESS โหลด config.json สำเร็จ
[2025-07-26T09:19:38.418Z] INFO รับข้อมูล Temperature: 39.8°C, Humidity: 54.5%, Smoke: 116
[2025-07-26T09:19:38.419Z] SUCCESS โหลด config.json สำเร็จ
[2025-07-26T09:19:38.419Z] WARNING ข้ามการส่งแจ้งเตือน เพราะยังอยู่ในช่วงหน่วงเวลา
[2025-07-26T09:19:39.649Z] INFO รับข้อมูล Temperature: 39.8°C, Humidity: 54.5%, Smoke: 114
[2025-07-26T09:19:39.649Z] SUCCESS โหลด config.json สำเร็จ
[2025-07-26T09:19:39.650Z] WARNING ข้ามการส่งแจ้งเตือน เพราะยังอยู่ในช่วงหน่วงเวลา
[2025-07-26T09:19:40.877Z] INFO รับข้อมูล Temperature: 39.8°C, Humidity: 54.5%, Smoke: 118
[2025-07-26T09:19:40.878Z] SUCCESS โหลด config.json สำเร็จ
[2025-07-26T09:19:40.878Z] WARNING ข้ามการส่งแจ้งเตือน เพราะยังอยู่ในช่วงหน่วงเวลา
[2025-07-26T09:19:42.105Z] INFO รับข้อมูล Temperature: 39.8°C, Humidity: 54.5%, Smoke: 112
[2025-07-26T09:19:42.106Z] SUCCESS โหลด config.json สำเร็จ
[2025-07-26T09:19:42.106Z] WARNING ข้ามการส่งแจ้งเตือน เพราะยังอยู่ในช่วงหน่วงเวลา
[2025-07-26T09:19:43.181Z] INFO รับข้อมูล Temperature: 39.8°C, Humidity: 54.5%, Smoke: 109
[2025-07-26T09:19:43.181Z] SUCCESS โหลด config.json สำเร็จ
[2025-07-26T09:19:43.181Z] WARNING ข้ามการส่งแจ้งเตือน เพราะยังอยู่ในช่วงหน่วงเวลา
[2025-07-26T09:19:44.266Z] INFO รับข้อมูล Temperature: 39.8°C, Humidity: 54.6%, Smoke: 109
[2025-07-26T09:19:44.267Z] SUCCESS โหลด config.json สำเร็จ
[2025-07-26T09:19:44.267Z] WARNING ข้ามการส่งแจ้งเตือน เพราะยังอยู่ในช่วงหน่วงเวลา
[2025-07-26T09:19:45.333Z] INFO รับข้อมูล Temperature: 39.8°C, Humidity: 54.6%, Smoke: 109
[2025-07-26T09:19:45.334Z] WARNING ข้ามการส่งแจ้งเตือน เพราะยังอยู่ในช่วงหน่วงเวลา
[2025-07-26T09:19:45.334Z] SUCCESS โหลด config.json สำเร็จ
[2025-07-26T09:19:46.422Z] INFO รับข้อมูล Temperature: 39.8°C, Humidity: 54.5%, Smoke: 107
[2025-07-26T09:19:46.422Z] SUCCESS โหลด config.json สำเร็จ
[2025-07-26T09:19:46.423Z] WARNING ข้ามการส่งแจ้งเตือน เพราะยังอยู่ในช่วงหน่วงเวลา
[2025-07-26T09:19:47.493Z] INFO รับข้อมูล Temperature: 39.8°C, Humidity: 54.5%, Smoke: 105
[2025-07-26T09:19:47.494Z] SUCCESS โหลด config.json สำเร็จ
[2025-07-26T09:19:47.494Z] WARNING ข้ามการส่งแจ้งเตือน เพราะยังอยู่ในช่วงหน่วงเวลา
[2025-07-26T09:19:48.657Z] INFO รับข้อมูล Temperature: 39.8°C, Humidity: 54.6%, Smoke: 105
[2025-07-26T09:19:48.658Z] SUCCESS โหลด config.json สำเร็จ
[2025-07-26T09:19:48.658Z] WARNING ข้ามการส่งแจ้งเตือน เพราะยังอยู่ในช่วงหน่วงเวลา
[2025-07-26T09:19:49.730Z] INFO รับข้อมูล Temperature: 39.8°C, Humidity: 54.6%, Smoke: 102
[2025-07-26T09:19:49.731Z] SUCCESS โหลด config.json สำเร็จ
[2025-07-26T09:19:49.731Z] WARNING ข้ามการส่งแจ้งเตือน เพราะยังอยู่ในช่วงหน่วงเวลา
[2025-07-26T09:19:50.911Z] INFO รับข้อมูล Temperature: 39.8°C, Humidity: 54.5%, Smoke: 97
[2025-07-26T09:19:50.912Z] WARNING ข้ามการส่งแจ้งเตือน เพราะยังอยู่ในช่วงหน่วงเวลา
[2025-07-26T09:19:50.912Z] SUCCESS โหลด config.json สำเร็จ
[2025-07-26T09:19:52.140Z] INFO รับข้อมูล Temperature: 39.8°C, Humidity: 54.5%, Smoke: 95
[2025-07-26T09:19:52.140Z] SUCCESS โหลด config.json สำเร็จ
[2025-07-26T09:19:52.141Z] WARNING ข้ามการส่งแจ้งเตือน เพราะยังอยู่ในช่วงหน่วงเวลา
[2025-07-26T09:19:53.216Z] INFO รับข้อมูล Temperature: 39.8°C, Humidity: 54.5%, Smoke: 96
[2025-07-26T09:19:53.218Z] SUCCESS โหลด config.json สำเร็จ
[2025-07-26T09:19:53.218Z] WARNING ข้ามการส่งแจ้งเตือน เพราะยังอยู่ในช่วงหน่วงเวลา
[2025-07-26T09:19:54.289Z] INFO รับข้อมูล Temperature: 39.8°C, Humidity: 54.5%, Smoke: 99
[2025-07-26T09:19:54.289Z] SUCCESS โหลด config.json สำเร็จ
[2025-07-26T09:19:54.290Z] WARNING ข้ามการส่งแจ้งเตือน เพราะยังอยู่ในช่วงหน่วงเวลา
[2025-07-26T09:19:55.370Z] INFO รับข้อมูล Temperature: 39.8°C, Humidity: 54.5%, Smoke: 104
[2025-07-26T09:19:55.371Z] SUCCESS โหลด config.json สำเร็จ
[2025-07-26T09:19:55.372Z] WARNING ข้ามการส่งแจ้งเตือน เพราะยังอยู่ในช่วงหน่วงเวลา
[2025-07-26T09:19:56.449Z] INFO รับข้อมูล Temperature: 39.8°C, Humidity: 54.5%, Smoke: 100
[2025-07-26T09:19:56.449Z] WARNING ข้ามการส่งแจ้งเตือน เพราะยังอยู่ในช่วงหน่วงเวลา
[2025-07-26T09:19:56.449Z] SUCCESS โหลด config.json สำเร็จ
[2025-07-26T09:19:57.669Z] INFO รับข้อมูล Temperature: 39.9°C, Humidity: 54.5%, Smoke: 99
[2025-07-26T09:19:57.670Z] SUCCESS โหลด config.json สำเร็จ
[2025-07-26T09:19:57.670Z] WARNING ข้ามการส่งแจ้งเตือน เพราะยังอยู่ในช่วงหน่วงเวลา
[2025-07-26T09:19:58.749Z] INFO รับข้อมูล Temperature: 39.9°C, Humidity: 54.5%, Smoke: 105
[2025-07-26T09:19:58.749Z] SUCCESS โหลด config.json สำเร็จ
[2025-07-26T09:19:58.750Z] WARNING ข้ามการส่งแจ้งเตือน เพราะยังอยู่ในช่วงหน่วงเวลา
[2025-07-26T09:19:59.828Z] INFO รับข้อมูล Temperature: 39.8°C, Humidity: 54.4%, Smoke: 105
[2025-07-26T09:19:59.829Z] SUCCESS โหลด config.json สำเร็จ
[2025-07-26T09:19:59.829Z] WARNING ข้ามการส่งแจ้งเตือน เพราะยังอยู่ในช่วงหน่วงเวลา
[2025-07-26T09:20:00.946Z] INFO รับข้อมูล Temperature: 39.8°C, Humidity: 54.4%, Smoke: 104
[2025-07-26T09:20:00.947Z] WARNING ข้ามการส่งแจ้งเตือน เพราะยังอยู่ในช่วงหน่วงเวลา
[2025-07-26T09:20:00.947Z] SUCCESS โหลด config.json สำเร็จ
[2025-07-26T09:20:02.019Z] INFO รับข้อมูล Temperature: 39.9°C, Humidity: 54.3%, Smoke: 100
[2025-07-26T09:20:02.019Z] SUCCESS โหลด config.json สำเร็จ
[2025-07-26T09:20:02.020Z] WARNING ข้ามการส่งแจ้งเตือน เพราะยังอยู่ในช่วงหน่วงเวลา
[2025-07-26T09:20:03.198Z] INFO รับข้อมูล Temperature: 39.9°C, Humidity: 54.3%, Smoke: 104
[2025-07-26T09:20:03.199Z] WARNING ข้ามการส่งแจ้งเตือน เพราะยังอยู่ในช่วงหน่วงเวลา
[2025-07-26T09:20:03.199Z] SUCCESS โหลด config.json สำเร็จ
[2025-07-26T09:20:04.427Z] INFO รับข้อมูล Temperature: 39.9°C, Humidity: 54.3%, Smoke: 108
[2025-07-26T09:20:04.428Z] SUCCESS โหลด config.json สำเร็จ
[2025-07-26T09:20:04.428Z] WARNING ข้ามการส่งแจ้งเตือน เพราะยังอยู่ในช่วงหน่วงเวลา
[2025-07-26T09:20:05.657Z] INFO รับข้อมูล Temperature: 39.9°C, Humidity: 54.3%, Smoke: 112
[2025-07-26T09:20:05.658Z] WARNING ข้ามการส่งแจ้งเตือน เพราะยังอยู่ในช่วงหน่วงเวลา
[2025-07-26T09:20:05.658Z] SUCCESS โหลด config.json สำเร็จ
[2025-07-26T09:20:06.744Z] INFO รับข้อมูล Temperature: 39.9°C, Humidity: 54.3%, Smoke: 112
[2025-07-26T09:20:06.745Z] SUCCESS โหลด config.json สำเร็จ
[2025-07-26T09:20:06.745Z] WARNING ข้ามการส่งแจ้งเตือน เพราะยังอยู่ในช่วงหน่วงเวลา
[2025-07-26T09:20:07.910Z] INFO รับข้อมูล Temperature: 39.9°C, Humidity: 54.3%, Smoke: 113
[2025-07-26T09:20:07.911Z] SUCCESS โหลด config.json สำเร็จ
[2025-07-26T09:20:07.911Z] WARNING ข้ามการส่งแจ้งเตือน เพราะยังอยู่ในช่วงหน่วงเวลา
[2025-07-26T09:20:09.137Z] INFO รับข้อมูล Temperature: 39.9°C, Humidity: 54.3%, Smoke: 113
[2025-07-26T09:20:09.138Z] WARNING ข้ามการส่งแจ้งเตือน เพราะยังอยู่ในช่วงหน่วงเวลา
[2025-07-26T09:20:09.138Z] SUCCESS โหลด config.json สำเร็จ
[2025-07-26T09:20:10.210Z] INFO รับข้อมูล Temperature: 39.9°C, Humidity: 54.3%, Smoke: 117
[2025-07-26T09:20:10.211Z] SUCCESS โหลด config.json สำเร็จ
[2025-07-26T09:20:10.211Z] WARNING ข้ามการส่งแจ้งเตือน เพราะยังอยู่ในช่วงหน่วงเวลา
[2025-07-26T09:20:11.290Z] INFO รับข้อมูล Temperature: 39.9°C, Humidity: 54.3%, Smoke: 118
[2025-07-26T09:20:11.291Z] SUCCESS โหลด config.json สำเร็จ
[2025-07-26T09:20:11.291Z] WARNING ข้ามการส่งแจ้งเตือน เพราะยังอยู่ในช่วงหน่วงเวลา
[2025-07-26T09:20:12.370Z] INFO รับข้อมูล Temperature: 39.9°C, Humidity: 54.3%, Smoke: 120
[2025-07-26T09:20:12.371Z] WARNING ข้ามการส่งแจ้งเตือน เพราะยังอยู่ในช่วงหน่วงเวลา
[2025-07-26T09:20:12.370Z] SUCCESS โหลด config.json สำเร็จ
[2025-07-26T09:20:13.645Z] INFO รับข้อมูล Temperature: 39.9°C, Humidity: 54.2%, Smoke: 122
[2025-07-26T09:20:13.645Z] SUCCESS โหลด config.json สำเร็จ
[2025-07-26T09:20:13.646Z] WARNING ข้ามการส่งแจ้งเตือน เพราะยังอยู่ในช่วงหน่วงเวลา
[2025-07-26T09:20:14.717Z] INFO รับข้อมูล Temperature: 39.9°C, Humidity: 54.2%, Smoke: 115
[2025-07-26T09:20:14.718Z] SUCCESS โหลด config.json สำเร็จ
[2025-07-26T09:20:14.718Z] WARNING ข้ามการส่งแจ้งเตือน เพราะยังอยู่ในช่วงหน่วงเวลา
[2025-07-26T09:20:15.795Z] INFO รับข้อมูล Temperature: 39.9°C, Humidity: 54.2%, Smoke: 113
[2025-07-26T09:20:15.796Z] WARNING ข้ามการส่งแจ้งเตือน เพราะยังอยู่ในช่วงหน่วงเวลา
[2025-07-26T09:20:15.796Z] SUCCESS โหลด config.json สำเร็จ
[2025-07-26T09:20:16.920Z] INFO รับข้อมูล Temperature: 39.9°C, Humidity: 54.2%, Smoke: 114
[2025-07-26T09:20:16.922Z] WARNING ข้ามการส่งแจ้งเตือน เพราะยังอยู่ในช่วงหน่วงเวลา
[2025-07-26T09:20:16.921Z] SUCCESS โหลด config.json สำเร็จ
[2025-07-26T09:20:18.149Z] INFO รับข้อมูล Temperature: 39.9°C, Humidity: 54.2%, Smoke: 112
[2025-07-26T09:20:18.150Z] WARNING ข้ามการส่งแจ้งเตือน เพราะยังอยู่ในช่วงหน่วงเวลา
[2025-07-26T09:20:18.149Z] SUCCESS โหลด config.json สำเร็จ
[2025-07-26T09:20:19.378Z] INFO รับข้อมูล Temperature: 39.9°C, Humidity: 54.2%, Smoke: 110
[2025-07-26T09:20:19.378Z] SUCCESS โหลด config.json สำเร็จ
[2025-07-26T09:20:19.378Z] WARNING ข้ามการส่งแจ้งเตือน เพราะยังอยู่ในช่วงหน่วงเวลา
[2025-07-26T09:20:20.457Z] INFO รับข้อมูล Temperature: 39.9°C, Humidity: 54.2%, Smoke: 108
[2025-07-26T09:20:20.459Z] SUCCESS โหลด config.json สำเร็จ
[2025-07-26T09:20:20.460Z] WARNING ข้ามการส่งแจ้งเตือน เพราะยังอยู่ในช่วงหน่วงเวลา
[2025-07-26T09:20:21.631Z] INFO รับข้อมูล Temperature: 39.9°C, Humidity: 54.2%, Smoke: 108
[2025-07-26T09:20:21.632Z] SUCCESS โหลด config.json สำเร็จ
[2025-07-26T09:20:21.632Z] WARNING ข้ามการส่งแจ้งเตือน เพราะยังอยู่ในช่วงหน่วงเวลา
[2025-07-26T09:20:22.713Z] INFO รับข้อมูล Temperature: 39.9°C, Humidity: 54.2%, Smoke: 105
[2025-07-26T09:20:22.714Z] SUCCESS โหลด config.json สำเร็จ
[2025-07-26T09:20:22.714Z] WARNING ข้ามการส่งแจ้งเตือน เพราะยังอยู่ในช่วงหน่วงเวลา
[2025-07-26T09:20:23.781Z] INFO รับข้อมูล Temperature: 39.9°C, Humidity: 54.2%, Smoke: 106
[2025-07-26T09:20:23.781Z] SUCCESS โหลด config.json สำเร็จ
[2025-07-26T09:20:23.782Z] WARNING ข้ามการส่งแจ้งเตือน เพราะยังอยู่ในช่วงหน่วงเวลา
[2025-07-26T09:20:24.863Z] INFO รับข้อมูล Temperature: 40°C, Humidity: 54.1%, Smoke: 104
[2025-07-26T09:20:24.864Z] WARNING ข้ามการส่งแจ้งเตือน เพราะยังอยู่ในช่วงหน่วงเวลา
[2025-07-26T09:20:24.864Z] SUCCESS โหลด config.json สำเร็จ
[2025-07-26T09:20:25.933Z] SUCCESS โหลด config.json สำเร็จ
[2025-07-26T09:20:25.932Z] INFO รับข้อมูล Temperature: 40°C, Humidity: 54.1%, Smoke: 103
[2025-07-26T09:20:25.933Z] WARNING ข้ามการส่งแจ้งเตือน เพราะยังอยู่ในช่วงหน่วงเวลา
[2025-07-26T09:20:27.160Z] INFO รับข้อมูล Temperature: 40°C, Humidity: 54.1%, Smoke: 104
[2025-07-26T09:20:27.161Z] SUCCESS โหลด config.json สำเร็จ
[2025-07-26T09:20:27.161Z] WARNING ข้ามการส่งแจ้งเตือน เพราะยังอยู่ในช่วงหน่วงเวลา
[2025-07-26T09:20:28.240Z] INFO รับข้อมูล Temperature: 40°C, Humidity: 54.1%, Smoke: 101
[2025-07-26T09:20:28.241Z] SUCCESS โหลด config.json สำเร็จ
[2025-07-26T09:20:28.241Z] WARNING ข้ามการส่งแจ้งเตือน เพราะยังอยู่ในช่วงหน่วงเวลา
[2025-07-26T09:20:29.328Z] INFO รับข้อมูล Temperature: 40°C, Humidity: 54.1%, Smoke: 105
[2025-07-26T09:20:29.329Z] WARNING ข้ามการส่งแจ้งเตือน เพราะยังอยู่ในช่วงหน่วงเวลา
[2025-07-26T09:20:29.329Z] SUCCESS โหลด config.json สำเร็จ
[2025-07-26T09:20:30.438Z] INFO รับข้อมูล Temperature: 40°C, Humidity: 54.1%, Smoke: 105
[2025-07-26T09:20:30.439Z] WARNING ข้ามการส่งแจ้งเตือน เพราะยังอยู่ในช่วงหน่วงเวลา
[2025-07-26T09:20:30.439Z] SUCCESS โหลด config.json สำเร็จ
[2025-07-26T09:20:31.666Z] INFO รับข้อมูล Temperature: 40°C, Humidity: 54.1%, Smoke: 100
[2025-07-26T09:20:31.667Z] SUCCESS โหลด config.json สำเร็จ
[2025-07-26T09:20:31.667Z] WARNING ข้ามการส่งแจ้งเตือน เพราะยังอยู่ในช่วงหน่วงเวลา
[2025-07-26T09:20:32.736Z] INFO รับข้อมูล Temperature: 40°C, Humidity: 54.1%, Smoke: 98
[2025-07-26T09:20:32.737Z] SUCCESS โหลด config.json สำเร็จ
[2025-07-26T09:20:32.737Z] WARNING ข้ามการส่งแจ้งเตือน เพราะยังอยู่ในช่วงหน่วงเวลา
[2025-07-26T09:20:33.811Z] INFO รับข้อมูล Temperature: 40°C, Humidity: 54%, Smoke: 100
[2025-07-26T09:20:33.812Z] SUCCESS โหลด config.json สำเร็จ
[2025-07-26T09:20:34.914Z] SUCCESS ส่งแจ้งเตือน Discord สำเร็จ
[2025-07-26T09:20:34.915Z] ERROR ส่งแจ้งเตือนผิดพลาด: sendTelegram is not defined
[2025-07-26T09:20:36.171Z] INFO รับข้อมูล Temperature: 40°C, Humidity: 54%, Smoke: 103
[2025-07-26T09:20:36.171Z] SUCCESS โหลด config.json สำเร็จ
[2025-07-26T09:20:36.172Z] WARNING ข้ามการส่งแจ้งเตือน เพราะยังอยู่ในช่วงหน่วงเวลา
[2025-07-26T09:20:37.400Z] INFO รับข้อมูล Temperature: 40°C, Humidity: 54%, Smoke: 105
[2025-07-26T09:20:37.401Z] WARNING ข้ามการส่งแจ้งเตือน เพราะยังอยู่ในช่วงหน่วงเวลา
[2025-07-26T09:20:37.401Z] SUCCESS โหลด config.json สำเร็จ
[2025-07-26T09:20:38.481Z] INFO รับข้อมูล Temperature: 40°C, Humidity: 54%, Smoke: 105
[2025-07-26T09:20:38.482Z] WARNING ข้ามการส่งแจ้งเตือน เพราะยังอยู่ในช่วงหน่วงเวลา
[2025-07-26T09:20:38.481Z] SUCCESS โหลด config.json สำเร็จ
[2025-07-26T09:20:39.654Z] INFO รับข้อมูล Temperature: 40°C, Humidity: 54%, Smoke: 104
[2025-07-26T09:20:39.655Z] SUCCESS โหลด config.json สำเร็จ
[2025-07-26T09:20:39.655Z] WARNING ข้ามการส่งแจ้งเตือน เพราะยังอยู่ในช่วงหน่วงเวลา
[2025-07-26T09:20:40.735Z] INFO รับข้อมูล Temperature: 40°C, Humidity: 54%, Smoke: 106
[2025-07-26T09:20:40.735Z] SUCCESS โหลด config.json สำเร็จ
[2025-07-26T09:20:40.735Z] WARNING ข้ามการส่งแจ้งเตือน เพราะยังอยู่ในช่วงหน่วงเวลา
[2025-07-26T09:20:41.906Z] INFO รับข้อมูล Temperature: 40°C, Humidity: 54%, Smoke: 102
[2025-07-26T09:20:41.907Z] SUCCESS โหลด config.json สำเร็จ
[2025-07-26T09:20:41.907Z] WARNING ข้ามการส่งแจ้งเตือน เพราะยังอยู่ในช่วงหน่วงเวลา
[2025-07-26T09:20:43.135Z] INFO รับข้อมูล Temperature: 40°C, Humidity: 53.9%, Smoke: 101
[2025-07-26T09:20:43.136Z] SUCCESS โหลด config.json สำเร็จ
[2025-07-26T09:20:43.136Z] WARNING ข้ามการส่งแจ้งเตือน เพราะยังอยู่ในช่วงหน่วงเวลา
[2025-07-26T09:20:44.363Z] INFO รับข้อมูล Temperature: 40°C, Humidity: 53.9%, Smoke: 100
[2025-07-26T09:20:44.363Z] SUCCESS โหลด config.json สำเร็จ
[2025-07-26T09:20:44.364Z] WARNING ข้ามการส่งแจ้งเตือน เพราะยังอยู่ในช่วงหน่วงเวลา
[2025-07-26T09:20:45.592Z] INFO รับข้อมูล Temperature: 40°C, Humidity: 53.9%, Smoke: 97
[2025-07-26T09:20:45.593Z] SUCCESS โหลด config.json สำเร็จ
[2025-07-26T09:20:45.593Z] WARNING ข้ามการส่งแจ้งเตือน เพราะยังอยู่ในช่วงหน่วงเวลา
[2025-07-26T09:20:46.821Z] INFO รับข้อมูล Temperature: 40°C, Humidity: 53.9%, Smoke: 97
[2025-07-26T09:20:46.822Z] WARNING ข้ามการส่งแจ้งเตือน เพราะยังอยู่ในช่วงหน่วงเวลา
[2025-07-26T09:20:46.822Z] SUCCESS โหลด config.json สำเร็จ
[2025-07-26T09:20:47.901Z] INFO รับข้อมูล Temperature: 40°C, Humidity: 53.9%, Smoke: 96
[2025-07-26T09:20:47.901Z] SUCCESS โหลด config.json สำเร็จ
[2025-07-26T09:20:47.901Z] WARNING ข้ามการส่งแจ้งเตือน เพราะยังอยู่ในช่วงหน่วงเวลา
[2025-07-26T09:20:49.074Z] INFO รับข้อมูล Temperature: 40°C, Humidity: 53.9%, Smoke: 94
[2025-07-26T09:20:49.074Z] WARNING ข้ามการส่งแจ้งเตือน เพราะยังอยู่ในช่วงหน่วงเวลา
[2025-07-26T09:20:49.074Z] SUCCESS โหลด config.json สำเร็จ
[2025-07-26T09:20:50.302Z] INFO รับข้อมูล Temperature: 40°C, Humidity: 54%, Smoke: 93
[2025-07-26T09:20:50.302Z] SUCCESS โหลด config.json สำเร็จ
[2025-07-26T09:20:50.303Z] WARNING ข้ามการส่งแจ้งเตือน เพราะยังอยู่ในช่วงหน่วงเวลา
[2025-07-26T09:20:51.531Z] INFO รับข้อมูล Temperature: 40°C, Humidity: 54%, Smoke: 92
[2025-07-26T09:20:51.532Z] SUCCESS โหลด config.json สำเร็จ
[2025-07-26T09:20:51.532Z] WARNING ข้ามการส่งแจ้งเตือน เพราะยังอยู่ในช่วงหน่วงเวลา
[2025-07-26T09:20:52.760Z] INFO รับข้อมูล Temperature: 40°C, Humidity: 54%, Smoke: 97
[2025-07-26T09:20:52.761Z] SUCCESS โหลด config.json สำเร็จ
[2025-07-26T09:20:52.762Z] WARNING ข้ามการส่งแจ้งเตือน เพราะยังอยู่ในช่วงหน่วงเวลา
[2025-07-26T09:20:53.989Z] INFO รับข้อมูล Temperature: 40°C, Humidity: 54%, Smoke: 97
[2025-07-26T09:20:53.990Z] SUCCESS โหลด config.json สำเร็จ
[2025-07-26T09:20:53.990Z] WARNING ข้ามการส่งแจ้งเตือน เพราะยังอยู่ในช่วงหน่วงเวลา
[2025-07-26T09:20:55.368Z] INFO รับข้อมูล Temperature: 40°C, Humidity: 54.1%, Smoke: 99
[2025-07-26T09:20:55.369Z] SUCCESS โหลด config.json สำเร็จ
[2025-07-26T09:20:55.369Z] WARNING ข้ามการส่งแจ้งเตือน เพราะยังอยู่ในช่วงหน่วงเวลา
[2025-07-26T09:20:56.643Z] INFO รับข้อมูล Temperature: 40°C, Humidity: 54.1%, Smoke: 98
[2025-07-26T09:20:56.644Z] SUCCESS โหลด config.json สำเร็จ
[2025-07-26T09:20:56.645Z] WARNING ข้ามการส่งแจ้งเตือน เพราะยังอยู่ในช่วงหน่วงเวลา
[2025-07-26T09:20:58.290Z] INFO รับข้อมูล Temperature: 40°C, Humidity: 54.1%, Smoke: 94
[2025-07-26T09:20:58.291Z] SUCCESS โหลด config.json สำเร็จ
[2025-07-26T09:20:58.291Z] WARNING ข้ามการส่งแจ้งเตือน เพราะยังอยู่ในช่วงหน่วงเวลา
[2025-07-26T09:20:59.524Z] INFO รับข้อมูล Temperature: 40°C, Humidity: 54.1%, Smoke: 91
[2025-07-26T09:20:59.525Z] SUCCESS โหลด config.json สำเร็จ
[2025-07-26T09:20:59.525Z] WARNING ข้ามการส่งแจ้งเตือน เพราะยังอยู่ในช่วงหน่วงเวลา
[2025-07-26T09:21:00.748Z] INFO รับข้อมูล Temperature: 40°C, Humidity: 54.1%, Smoke: 86
[2025-07-26T09:21:00.749Z] WARNING ข้ามการส่งแจ้งเตือน เพราะยังอยู่ในช่วงหน่วงเวลา
[2025-07-26T09:21:00.749Z] SUCCESS โหลด config.json สำเร็จ
[2025-07-26T09:21:02.385Z] INFO รับข้อมูล Temperature: 40°C, Humidity: 54.1%, Smoke: 87
[2025-07-26T09:21:02.386Z] SUCCESS โหลด config.json สำเร็จ
[2025-07-26T09:21:02.386Z] WARNING ข้ามการส่งแจ้งเตือน เพราะยังอยู่ในช่วงหน่วงเวลา
[2025-07-26T09:21:03.844Z] INFO รับข้อมูล Temperature: 40°C, Humidity: 54%, Smoke: 88
[2025-07-26T09:21:03.844Z] SUCCESS โหลด config.json สำเร็จ
[2025-07-26T09:21:03.844Z] WARNING ข้ามการส่งแจ้งเตือน เพราะยังอยู่ในช่วงหน่วงเวลา
[2025-07-26T09:21:04.911Z] INFO รับข้อมูล Temperature: 40°C, Humidity: 54%, Smoke: 86
[2025-07-26T09:21:04.911Z] SUCCESS โหลด config.json สำเร็จ
[2025-07-26T09:21:04.912Z] WARNING ข้ามการส่งแจ้งเตือน เพราะยังอยู่ในช่วงหน่วงเวลา
[2025-07-26T09:21:06.072Z] INFO รับข้อมูล Temperature: 40°C, Humidity: 53.9%, Smoke: 88
[2025-07-26T09:21:06.072Z] SUCCESS โหลด config.json สำเร็จ
[2025-07-26T09:21:06.073Z] WARNING ข้ามการส่งแจ้งเตือน เพราะยังอยู่ในช่วงหน่วงเวลา
[2025-07-26T09:21:07.144Z] INFO รับข้อมูล Temperature: 40°C, Humidity: 53.9%, Smoke: 86
[2025-07-26T09:21:07.144Z] SUCCESS โหลด config.json สำเร็จ
[2025-07-26T09:21:07.144Z] WARNING ข้ามการส่งแจ้งเตือน เพราะยังอยู่ในช่วงหน่วงเวลา
[2025-07-26T09:21:08.230Z] INFO รับข้อมูล Temperature: 40°C, Humidity: 53.9%, Smoke: 88
[2025-07-26T09:21:08.231Z] SUCCESS โหลด config.json สำเร็จ
[2025-07-26T09:21:08.231Z] WARNING ข้ามการส่งแจ้งเตือน เพราะยังอยู่ในช่วงหน่วงเวลา
[2025-07-26T09:21:09.299Z] INFO รับข้อมูล Temperature: 40°C, Humidity: 53.9%, Smoke: 92
[2025-07-26T09:21:09.300Z] SUCCESS โหลด config.json สำเร็จ
[2025-07-26T09:21:09.300Z] WARNING ข้ามการส่งแจ้งเตือน เพราะยังอยู่ในช่วงหน่วงเวลา
[2025-07-26T09:21:10.578Z] INFO รับข้อมูล Temperature: 40°C, Humidity: 53.9%, Smoke: 92
[2025-07-26T09:21:10.578Z] SUCCESS โหลด config.json สำเร็จ
[2025-07-26T09:21:10.579Z] WARNING ข้ามการส่งแจ้งเตือน เพราะยังอยู่ในช่วงหน่วงเวลา
[2025-07-26T09:21:11.807Z] SUCCESS โหลด config.json สำเร็จ
[2025-07-26T09:21:11.807Z] INFO รับข้อมูล Temperature: 40°C, Humidity: 53.9%, Smoke: 93
[2025-07-26T09:21:11.807Z] WARNING ข้ามการส่งแจ้งเตือน เพราะยังอยู่ในช่วงหน่วงเวลา
[2025-07-26T09:21:13.036Z] INFO รับข้อมูล Temperature: 40°C, Humidity: 53.9%, Smoke: 91
[2025-07-26T09:21:13.037Z] SUCCESS โหลด config.json สำเร็จ
[2025-07-26T09:21:13.038Z] WARNING ข้ามการส่งแจ้งเตือน เพราะยังอยู่ในช่วงหน่วงเวลา
[2025-07-26T09:21:14.161Z] INFO รับข้อมูล Temperature: 40°C, Humidity: 53.9%, Smoke: 93
[2025-07-26T09:21:14.162Z] WARNING ข้ามการส่งแจ้งเตือน เพราะยังอยู่ในช่วงหน่วงเวลา
[2025-07-26T09:21:14.162Z] SUCCESS โหลด config.json สำเร็จ
[2025-07-26T09:21:15.288Z] INFO รับข้อมูล Temperature: 40°C, Humidity: 53.8%, Smoke: 96
[2025-07-26T09:21:15.289Z] WARNING ข้ามการส่งแจ้งเตือน เพราะยังอยู่ในช่วงหน่วงเวลา
[2025-07-26T09:21:15.288Z] SUCCESS โหลด config.json สำเร็จ
[2025-07-26T09:21:16.365Z] INFO รับข้อมูล Temperature: 40°C, Humidity: 53.8%, Smoke: 97
[2025-07-26T09:21:16.366Z] SUCCESS โหลด config.json สำเร็จ
[2025-07-26T09:21:16.366Z] WARNING ข้ามการส่งแจ้งเตือน เพราะยังอยู่ในช่วงหน่วงเวลา
[2025-07-26T09:21:17.541Z] INFO รับข้อมูล Temperature: 40°C, Humidity: 53.8%, Smoke: 97
[2025-07-26T09:21:17.542Z] SUCCESS โหลด config.json สำเร็จ
[2025-07-26T09:21:17.542Z] WARNING ข้ามการส่งแจ้งเตือน เพราะยังอยู่ในช่วงหน่วงเวลา
[2025-07-26T09:21:18.609Z] INFO รับข้อมูล Temperature: 40°C, Humidity: 53.8%, Smoke: 93
[2025-07-26T09:21:18.610Z] WARNING ข้ามการส่งแจ้งเตือน เพราะยังอยู่ในช่วงหน่วงเวลา
[2025-07-26T09:21:18.610Z] SUCCESS โหลด config.json สำเร็จ
[2025-07-26T09:21:19.697Z] INFO รับข้อมูล Temperature: 40°C, Humidity: 53.8%, Smoke: 96
[2025-07-26T09:21:19.697Z] SUCCESS โหลด config.json สำเร็จ
[2025-07-26T09:21:19.698Z] WARNING ข้ามการส่งแจ้งเตือน เพราะยังอยู่ในช่วงหน่วงเวลา
[2025-07-26T09:21:20.818Z] INFO รับข้อมูล Temperature: 40°C, Humidity: 53.8%, Smoke: 86
[2025-07-26T09:21:20.818Z] SUCCESS โหลด config.json สำเร็จ
[2025-07-26T09:21:20.819Z] WARNING ข้ามการส่งแจ้งเตือน เพราะยังอยู่ในช่วงหน่วงเวลา
[2025-07-26T09:21:21.896Z] SUCCESS โหลด config.json สำเร็จ
[2025-07-26T09:21:21.895Z] INFO รับข้อมูล Temperature: 40°C, Humidity: 53.9%, Smoke: 86
[2025-07-26T09:21:21.896Z] WARNING ข้ามการส่งแจ้งเตือน เพราะยังอยู่ในช่วงหน่วงเวลา
[2025-07-26T09:21:22.973Z] INFO รับข้อมูล Temperature: 40°C, Humidity: 53.9%, Smoke: 84
[2025-07-26T09:21:22.973Z] SUCCESS โหลด config.json สำเร็จ
[2025-07-26T09:21:22.973Z] WARNING ข้ามการส่งแจ้งเตือน เพราะยังอยู่ในช่วงหน่วงเวลา
[2025-07-26T09:21:24.095Z] INFO รับข้อมูล Temperature: 40°C, Humidity: 53.9%, Smoke: 80
[2025-07-26T09:21:24.096Z] SUCCESS โหลด config.json สำเร็จ
[2025-07-26T09:21:24.096Z] WARNING ข้ามการส่งแจ้งเตือน เพราะยังอยู่ในช่วงหน่วงเวลา
[2025-07-26T09:21:25.171Z] INFO รับข้อมูล Temperature: 40°C, Humidity: 53.9%, Smoke: 78
[2025-07-26T09:21:25.171Z] SUCCESS โหลด config.json สำเร็จ
[2025-07-26T09:21:25.172Z] WARNING ข้ามการส่งแจ้งเตือน เพราะยังอยู่ในช่วงหน่วงเวลา
[2025-07-26T09:21:26.347Z] INFO รับข้อมูล Temperature: 40°C, Humidity: 53.9%, Smoke: 82
[2025-07-26T09:21:26.348Z] WARNING ข้ามการส่งแจ้งเตือน เพราะยังอยู่ในช่วงหน่วงเวลา
[2025-07-26T09:21:26.348Z] SUCCESS โหลด config.json สำเร็จ
[2025-07-26T09:21:27.577Z] INFO รับข้อมูล Temperature: 40°C, Humidity: 53.9%, Smoke: 82
[2025-07-26T09:21:27.578Z] SUCCESS โหลด config.json สำเร็จ
[2025-07-26T09:21:27.578Z] WARNING ข้ามการส่งแจ้งเตือน เพราะยังอยู่ในช่วงหน่วงเวลา
[2025-07-26T09:21:28.661Z] INFO รับข้อมูล Temperature: 40°C, Humidity: 53.9%, Smoke: 82
[2025-07-26T09:21:28.662Z] SUCCESS โหลด config.json สำเร็จ
[2025-07-26T09:21:28.662Z] WARNING ข้ามการส่งแจ้งเตือน เพราะยังอยู่ในช่วงหน่วงเวลา
[2025-07-26T09:21:29.829Z] INFO รับข้อมูล Temperature: 40°C, Humidity: 53.9%, Smoke: 84
[2025-07-26T09:21:29.829Z] SUCCESS โหลด config.json สำเร็จ
[2025-07-26T09:21:29.830Z] WARNING ข้ามการส่งแจ้งเตือน เพราะยังอยู่ในช่วงหน่วงเวลา
[2025-07-26T09:21:30.907Z] INFO รับข้อมูล Temperature: 40°C, Humidity: 53.9%, Smoke: 85
[2025-07-26T09:21:30.908Z] SUCCESS โหลด config.json สำเร็จ
[2025-07-26T09:21:30.908Z] WARNING ข้ามการส่งแจ้งเตือน เพราะยังอยู่ในช่วงหน่วงเวลา
[2025-07-26T09:21:31.978Z] INFO รับข้อมูล Temperature: 40°C, Humidity: 53.9%, Smoke: 82
[2025-07-26T09:21:31.979Z] SUCCESS โหลด config.json สำเร็จ
[2025-07-26T09:21:31.979Z] WARNING ข้ามการส่งแจ้งเตือน เพราะยังอยู่ในช่วงหน่วงเวลา
[2025-07-26T09:21:33.107Z] SUCCESS โหลด config.json สำเร็จ
[2025-07-26T09:21:33.107Z] WARNING ข้ามการส่งแจ้งเตือน เพราะยังอยู่ในช่วงหน่วงเวลา
[2025-07-26T09:21:33.106Z] INFO รับข้อมูล Temperature: 40°C, Humidity: 53.9%, Smoke: 84
[2025-07-26T09:21:34.334Z] INFO รับข้อมูล Temperature: 40°C, Humidity: 53.9%, Smoke: 85
[2025-07-26T09:21:34.334Z] SUCCESS โหลด config.json สำเร็จ
[2025-07-26T09:21:35.491Z] SUCCESS ส่งแจ้งเตือน Discord สำเร็จ
[2025-07-26T09:21:35.492Z] ERROR ส่งแจ้งเตือนผิดพลาด: sendTelegram is not defined
[2025-07-26T09:21:36.635Z] INFO รับข้อมูล Temperature: 39.9°C, Humidity: 53.9%, Smoke: 82
[2025-07-26T09:21:36.636Z] SUCCESS โหลด config.json สำเร็จ
[2025-07-26T09:21:36.636Z] WARNING ข้ามการส่งแจ้งเตือน เพราะยังอยู่ในช่วงหน่วงเวลา
[2025-07-26T09:21:37.712Z] INFO รับข้อมูล Temperature: 39.9°C, Humidity: 53.9%, Smoke: 84
[2025-07-26T09:21:37.712Z] SUCCESS โหลด config.json สำเร็จ
[2025-07-26T09:21:37.713Z] WARNING ข้ามการส่งแจ้งเตือน เพราะยังอยู่ในช่วงหน่วงเวลา
[2025-07-26T09:21:38.785Z] INFO รับข้อมูล Temperature: 39.9°C, Humidity: 53.9%, Smoke: 83
[2025-07-26T09:21:38.785Z] SUCCESS โหลด config.json สำเร็จ
[2025-07-26T09:21:38.786Z] WARNING ข้ามการส่งแจ้งเตือน เพราะยังอยู่ในช่วงหน่วงเวลา
[2025-07-26T09:21:39.868Z] INFO รับข้อมูล Temperature: 39.9°C, Humidity: 53.9%, Smoke: 82
[2025-07-26T09:21:39.869Z] WARNING ข้ามการส่งแจ้งเตือน เพราะยังอยู่ในช่วงหน่วงเวลา
[2025-07-26T09:21:39.869Z] SUCCESS โหลด config.json สำเร็จ
[2025-07-26T09:21:41.094Z] INFO รับข้อมูล Temperature: 39.9°C, Humidity: 53.9%, Smoke: 85
[2025-07-26T09:21:41.095Z] WARNING ข้ามการส่งแจ้งเตือน เพราะยังอยู่ในช่วงหน่วงเวลา
[2025-07-26T09:21:41.095Z] SUCCESS โหลด config.json สำเร็จ
[2025-07-26T09:21:42.322Z] INFO รับข้อมูล Temperature: 39.9°C, Humidity: 53.9%, Smoke: 83
[2025-07-26T09:21:42.323Z] SUCCESS โหลด config.json สำเร็จ
[2025-07-26T09:21:42.323Z] WARNING ข้ามการส่งแจ้งเตือน เพราะยังอยู่ในช่วงหน่วงเวลา
[2025-07-26T09:21:43.401Z] INFO รับข้อมูล Temperature: 39.9°C, Humidity: 54%, Smoke: 82
[2025-07-26T09:21:43.401Z] SUCCESS โหลด config.json สำเร็จ
[2025-07-26T09:21:43.402Z] WARNING ข้ามการส่งแจ้งเตือน เพราะยังอยู่ในช่วงหน่วงเวลา
[2025-07-26T09:21:44.472Z] INFO รับข้อมูล Temperature: 39.9°C, Humidity: 54%, Smoke: 81
[2025-07-26T09:21:44.473Z] SUCCESS โหลด config.json สำเร็จ
[2025-07-26T09:21:44.473Z] WARNING ข้ามการส่งแจ้งเตือน เพราะยังอยู่ในช่วงหน่วงเวลา
[2025-07-26T09:21:45.551Z] INFO รับข้อมูล Temperature: 39.9°C, Humidity: 54%, Smoke: 79
[2025-07-26T09:21:45.553Z] WARNING ข้ามการส่งแจ้งเตือน เพราะยังอยู่ในช่วงหน่วงเวลา
[2025-07-26T09:21:45.552Z] SUCCESS โหลด config.json สำเร็จ
[2025-07-26T09:21:46.826Z] INFO รับข้อมูล Temperature: 39.9°C, Humidity: 54%, Smoke: 78
[2025-07-26T09:21:46.826Z] WARNING ข้ามการส่งแจ้งเตือน เพราะยังอยู่ในช่วงหน่วงเวลา
[2025-07-26T09:21:46.826Z] SUCCESS โหลด config.json สำเร็จ
[2025-07-26T09:21:48.055Z] INFO รับข้อมูล Temperature: 39.9°C, Humidity: 54.2%, Smoke: 82
[2025-07-26T09:21:48.055Z] SUCCESS โหลด config.json สำเร็จ
[2025-07-26T09:21:48.056Z] WARNING ข้ามการส่งแจ้งเตือน เพราะยังอยู่ในช่วงหน่วงเวลา
[2025-07-26T09:21:49.123Z] INFO รับข้อมูล Temperature: 39.9°C, Humidity: 54.2%, Smoke: 80
[2025-07-26T09:21:49.124Z] SUCCESS โหลด config.json สำเร็จ
[2025-07-26T09:21:49.124Z] WARNING ข้ามการส่งแจ้งเตือน เพราะยังอยู่ในช่วงหน่วงเวลา
[2025-07-26T09:21:50.199Z] INFO รับข้อมูล Temperature: 39.9°C, Humidity: 54.3%, Smoke: 76
[2025-07-26T09:21:50.199Z] SUCCESS โหลด config.json สำเร็จ
[2025-07-26T09:21:50.200Z] WARNING ข้ามการส่งแจ้งเตือน เพราะยังอยู่ในช่วงหน่วงเวลา
[2025-07-26T09:21:51.332Z] INFO รับข้อมูล Temperature: 39.9°C, Humidity: 54.3%, Smoke: 74
[2025-07-26T09:21:51.332Z] SUCCESS โหลด config.json สำเร็จ
[2025-07-26T09:21:51.332Z] WARNING ข้ามการส่งแจ้งเตือน เพราะยังอยู่ในช่วงหน่วงเวลา
[2025-07-26T09:21:52.412Z] INFO รับข้อมูล Temperature: 39.9°C, Humidity: 54.3%, Smoke: 70
[2025-07-26T09:21:52.413Z] SUCCESS โหลด config.json สำเร็จ
[2025-07-26T09:21:52.413Z] WARNING ข้ามการส่งแจ้งเตือน เพราะยังอยู่ในช่วงหน่วงเวลา
[2025-07-26T09:21:53.586Z] INFO รับข้อมูล Temperature: 39.9°C, Humidity: 54.3%, Smoke: 74
[2025-07-26T09:21:53.587Z] SUCCESS โหลด config.json สำเร็จ
[2025-07-26T09:21:53.587Z] WARNING ข้ามการส่งแจ้งเตือน เพราะยังอยู่ในช่วงหน่วงเวลา
[2025-07-26T09:21:54.813Z] INFO รับข้อมูล Temperature: 39.9°C, Humidity: 54.3%, Smoke: 73
[2025-07-26T09:21:54.814Z] SUCCESS โหลด config.json สำเร็จ
[2025-07-26T09:21:54.814Z] WARNING ข้ามการส่งแจ้งเตือน เพราะยังอยู่ในช่วงหน่วงเวลา
[2025-07-26T09:21:56.043Z] INFO รับข้อมูล Temperature: 39.9°C, Humidity: 54.3%, Smoke: 74
[2025-07-26T09:21:56.044Z] SUCCESS โหลด config.json สำเร็จ
[2025-07-26T09:21:56.044Z] WARNING ข้ามการส่งแจ้งเตือน เพราะยังอยู่ในช่วงหน่วงเวลา
[2025-07-26T09:21:57.124Z] INFO รับข้อมูล Temperature: 39.9°C, Humidity: 54.3%, Smoke: 81
[2025-07-26T09:21:57.125Z] SUCCESS โหลด config.json สำเร็จ
[2025-07-26T09:21:57.125Z] WARNING ข้ามการส่งแจ้งเตือน เพราะยังอยู่ในช่วงหน่วงเวลา
[2025-07-26T09:21:58.295Z] INFO รับข้อมูล Temperature: 39.9°C, Humidity: 54.3%, Smoke: 82
[2025-07-26T09:21:58.296Z] SUCCESS โหลด config.json สำเร็จ
[2025-07-26T09:21:58.296Z] WARNING ข้ามการส่งแจ้งเตือน เพราะยังอยู่ในช่วงหน่วงเวลา
[2025-07-26T09:21:59.525Z] INFO รับข้อมูล Temperature: 39.9°C, Humidity: 54.2%, Smoke: 82
[2025-07-26T09:21:59.526Z] SUCCESS โหลด config.json สำเร็จ
[2025-07-26T09:21:59.527Z] WARNING ข้ามการส่งแจ้งเตือน เพราะยังอยู่ในช่วงหน่วงเวลา
[2025-07-26T09:22:00.753Z] INFO รับข้อมูล Temperature: 39.9°C, Humidity: 54.2%, Smoke: 85
[2025-07-26T09:22:00.754Z] SUCCESS โหลด config.json สำเร็จ
[2025-07-26T09:22:00.754Z] WARNING ข้ามการส่งแจ้งเตือน เพราะยังอยู่ในช่วงหน่วงเวลา
[2025-07-26T09:22:01.982Z] INFO รับข้อมูล Temperature: 39.9°C, Humidity: 54.2%, Smoke: 87
[2025-07-26T09:22:01.983Z] SUCCESS โหลด config.json สำเร็จ
[2025-07-26T09:22:01.983Z] WARNING ข้ามการส่งแจ้งเตือน เพราะยังอยู่ในช่วงหน่วงเวลา
[2025-07-26T09:22:03.210Z] INFO รับข้อมูล Temperature: 39.9°C, Humidity: 54.2%, Smoke: 88
[2025-07-26T09:22:03.211Z] SUCCESS โหลด config.json สำเร็จ
[2025-07-26T09:22:03.211Z] WARNING ข้ามการส่งแจ้งเตือน เพราะยังอยู่ในช่วงหน่วงเวลา
[2025-07-26T09:22:04.286Z] INFO รับข้อมูล Temperature: 39.9°C, Humidity: 54.2%, Smoke: 88
[2025-07-26T09:22:04.287Z] SUCCESS โหลด config.json สำเร็จ
[2025-07-26T09:22:04.287Z] WARNING ข้ามการส่งแจ้งเตือน เพราะยังอยู่ในช่วงหน่วงเวลา
[2025-07-26T09:22:05.463Z] INFO รับข้อมูล Temperature: 39.9°C, Humidity: 54.2%, Smoke: 89
[2025-07-26T09:22:05.465Z] SUCCESS โหลด config.json สำเร็จ
[2025-07-26T09:22:05.466Z] WARNING ข้ามการส่งแจ้งเตือน เพราะยังอยู่ในช่วงหน่วงเวลา
[2025-07-26T09:22:06.545Z] INFO รับข้อมูล Temperature: 39.9°C, Humidity: 54.1%, Smoke: 93
[2025-07-26T09:22:06.546Z] SUCCESS โหลด config.json สำเร็จ
[2025-07-26T09:22:06.546Z] WARNING ข้ามการส่งแจ้งเตือน เพราะยังอยู่ในช่วงหน่วงเวลา
[2025-07-26T09:22:07.715Z] INFO รับข้อมูล Temperature: 39.9°C, Humidity: 54.1%, Smoke: 93
[2025-07-26T09:22:07.716Z] SUCCESS โหลด config.json สำเร็จ
[2025-07-26T09:22:07.716Z] WARNING ข้ามการส่งแจ้งเตือน เพราะยังอยู่ในช่วงหน่วงเวลา
[2025-07-26T09:22:08.945Z] INFO รับข้อมูล Temperature: 39.9°C, Humidity: 54.1%, Smoke: 92
[2025-07-26T09:22:08.946Z] SUCCESS โหลด config.json สำเร็จ
[2025-07-26T09:22:08.947Z] WARNING ข้ามการส่งแจ้งเตือน เพราะยังอยู่ในช่วงหน่วงเวลา
[2025-07-26T09:22:10.020Z] INFO รับข้อมูล Temperature: 39.9°C, Humidity: 54.1%, Smoke: 91
[2025-07-26T09:22:10.021Z] SUCCESS โหลด config.json สำเร็จ
[2025-07-26T09:22:10.021Z] WARNING ข้ามการส่งแจ้งเตือน เพราะยังอยู่ในช่วงหน่วงเวลา
[2025-07-26T09:22:11.105Z] INFO รับข้อมูล Temperature: 39.9°C, Humidity: 54.2%, Smoke: 91
[2025-07-26T09:22:11.106Z] WARNING ข้ามการส่งแจ้งเตือน เพราะยังอยู่ในช่วงหน่วงเวลา
[2025-07-26T09:22:11.105Z] SUCCESS โหลด config.json สำเร็จ
[2025-07-26T09:22:12.183Z] INFO รับข้อมูล Temperature: 39.9°C, Humidity: 54.2%, Smoke: 87
[2025-07-26T09:22:12.184Z] SUCCESS โหลด config.json สำเร็จ
[2025-07-26T09:22:12.184Z] WARNING ข้ามการส่งแจ้งเตือน เพราะยังอยู่ในช่วงหน่วงเวลา
[2025-07-26T09:22:13.449Z] INFO รับข้อมูล Temperature: 39.9°C, Humidity: 54.1%, Smoke: 89
[2025-07-26T09:22:13.450Z] WARNING ข้ามการส่งแจ้งเตือน เพราะยังอยู่ในช่วงหน่วงเวลา
[2025-07-26T09:22:13.450Z] SUCCESS โหลด config.json สำเร็จ
[2025-07-26T09:22:14.678Z] INFO รับข้อมูล Temperature: 39.9°C, Humidity: 54.1%, Smoke: 86
[2025-07-26T09:22:14.679Z] SUCCESS โหลด config.json สำเร็จ
[2025-07-26T09:22:14.679Z] WARNING ข้ามการส่งแจ้งเตือน เพราะยังอยู่ในช่วงหน่วงเวลา
[2025-07-26T09:22:15.910Z] INFO รับข้อมูล Temperature: 39.9°C, Humidity: 54.1%, Smoke: 87
[2025-07-26T09:22:15.911Z] SUCCESS โหลด config.json สำเร็จ
[2025-07-26T09:22:15.911Z] WARNING ข้ามการส่งแจ้งเตือน เพราะยังอยู่ในช่วงหน่วงเวลา
[2025-07-26T09:22:17.137Z] INFO รับข้อมูล Temperature: 39.9°C, Humidity: 54.1%, Smoke: 86
[2025-07-26T09:22:17.137Z] SUCCESS โหลด config.json สำเร็จ
[2025-07-26T09:22:17.138Z] WARNING ข้ามการส่งแจ้งเตือน เพราะยังอยู่ในช่วงหน่วงเวลา
[2025-07-26T09:22:18.211Z] INFO รับข้อมูล Temperature: 39.9°C, Humidity: 54.1%, Smoke: 85
[2025-07-26T09:22:18.212Z] WARNING ข้ามการส่งแจ้งเตือน เพราะยังอยู่ในช่วงหน่วงเวลา
[2025-07-26T09:22:18.212Z] SUCCESS โหลด config.json สำเร็จ
[2025-07-26T09:22:19.286Z] INFO รับข้อมูล Temperature: 39.9°C, Humidity: 54.1%, Smoke: 87
[2025-07-26T09:22:19.287Z] WARNING ข้ามการส่งแจ้งเตือน เพราะยังอยู่ในช่วงหน่วงเวลา
[2025-07-26T09:22:19.287Z] SUCCESS โหลด config.json สำเร็จ
[2025-07-26T09:22:20.415Z] INFO รับข้อมูล Temperature: 39.9°C, Humidity: 54.1%, Smoke: 84
[2025-07-26T09:22:20.417Z] SUCCESS โหลด config.json สำเร็จ
[2025-07-26T09:22:20.417Z] WARNING ข้ามการส่งแจ้งเตือน เพราะยังอยู่ในช่วงหน่วงเวลา
[2025-07-26T09:22:21.645Z] INFO รับข้อมูล Temperature: 39.9°C, Humidity: 54.1%, Smoke: 85
[2025-07-26T09:22:21.645Z] SUCCESS โหลด config.json สำเร็จ
[2025-07-26T09:22:21.646Z] WARNING ข้ามการส่งแจ้งเตือน เพราะยังอยู่ในช่วงหน่วงเวลา
[2025-07-26T09:22:23.597Z] SUCCESS เชื่อมต่อฐานข้อมูลสำเร็จ
[2025-07-26T09:22:23.596Z] INFO เซิร์ฟเวอร์กำลังเริ่มต้น...
[2025-07-26T09:22:23.601Z] SUCCESS ✅ Server รันที่ http://localhost:3000
[2025-07-26T09:22:25.330Z] INFO รับข้อมูล Temperature: 39.9°C, Humidity: 54.1%, Smoke: 85
[2025-07-26T09:22:25.331Z] SUCCESS โหลด config.json สำเร็จ
[2025-07-26T09:22:26.368Z] SUCCESS ส่งแจ้งเตือน Discord สำเร็จ
[2025-07-26T09:22:26.369Z] SUCCESS ส่งแจ้งเตือน Telegram สำเร็จ
[2025-07-26T09:22:26.368Z] ERROR ไม่พบค่า TELEGRAM_BOT_TOKEN หรือ TELEGRAM_CHAT_ID
[2025-07-26T09:22:27.514Z] INFO รับข้อมูล Temperature: 39.9°C, Humidity: 54%, Smoke: 83
[2025-07-26T09:22:27.515Z] WARNING ข้ามการส่งแจ้งเตือน เพราะยังอยู่ในช่วงหน่วงเวลา
[2025-07-26T09:22:27.515Z] SUCCESS โหลด config.json สำเร็จ
[2025-07-26T09:22:28.604Z] INFO รับข้อมูล Temperature: 39.9°C, Humidity: 54%, Smoke: 77
[2025-07-26T09:22:28.605Z] WARNING ข้ามการส่งแจ้งเตือน เพราะยังอยู่ในช่วงหน่วงเวลา
[2025-07-26T09:22:28.605Z] SUCCESS โหลด config.json สำเร็จ
[2025-07-26T09:22:29.834Z] INFO รับข้อมูล Temperature: 39.9°C, Humidity: 54%, Smoke: 76
[2025-07-26T09:22:29.835Z] SUCCESS โหลด config.json สำเร็จ
[2025-07-26T09:22:29.835Z] WARNING ข้ามการส่งแจ้งเตือน เพราะยังอยู่ในช่วงหน่วงเวลา
[2025-07-26T09:22:30.912Z] INFO รับข้อมูล Temperature: 39.9°C, Humidity: 54%, Smoke: 77
[2025-07-26T09:22:30.914Z] SUCCESS โหลด config.json สำเร็จ
[2025-07-26T09:22:30.914Z] WARNING ข้ามการส่งแจ้งเตือน เพราะยังอยู่ในช่วงหน่วงเวลา
[2025-07-26T09:22:32.088Z] INFO รับข้อมูล Temperature: 39.9°C, Humidity: 54%, Smoke: 74
[2025-07-26T09:22:32.088Z] SUCCESS โหลด config.json สำเร็จ
[2025-07-26T09:22:32.089Z] WARNING ข้ามการส่งแจ้งเตือน เพราะยังอยู่ในช่วงหน่วงเวลา
[2025-07-26T09:22:33.165Z] INFO รับข้อมูล Temperature: 39.9°C, Humidity: 54%, Smoke: 69
[2025-07-26T09:22:33.166Z] WARNING ข้ามการส่งแจ้งเตือน เพราะยังอยู่ในช่วงหน่วงเวลา
[2025-07-26T09:22:33.166Z] SUCCESS โหลด config.json สำเร็จ
[2025-07-26T09:22:34.247Z] INFO รับข้อมูล Temperature: 39.9°C, Humidity: 53.9%, Smoke: 71
[2025-07-26T09:22:34.247Z] SUCCESS โหลด config.json สำเร็จ
[2025-07-26T09:22:34.248Z] WARNING ข้ามการส่งแจ้งเตือน เพราะยังอยู่ในช่วงหน่วงเวลา
[2025-07-26T09:22:35.365Z] SUCCESS โหลด config.json สำเร็จ
[2025-07-26T09:22:35.364Z] INFO รับข้อมูล Temperature: 39.9°C, Humidity: 53.9%, Smoke: 72
[2025-07-26T09:22:35.366Z] WARNING ข้ามการส่งแจ้งเตือน เพราะยังอยู่ในช่วงหน่วงเวลา
[2025-07-26T09:22:36.592Z] INFO รับข้อมูล Temperature: 39.9°C, Humidity: 53.8%, Smoke: 73
[2025-07-26T09:22:36.592Z] SUCCESS โหลด config.json สำเร็จ
[2025-07-26T09:22:36.593Z] WARNING ข้ามการส่งแจ้งเตือน เพราะยังอยู่ในช่วงหน่วงเวลา
[2025-07-26T09:22:37.821Z] INFO รับข้อมูล Temperature: 39.9°C, Humidity: 53.8%, Smoke: 69
[2025-07-26T09:22:37.822Z] SUCCESS โหลด config.json สำเร็จ
[2025-07-26T09:22:37.822Z] WARNING ข้ามการส่งแจ้งเตือน เพราะยังอยู่ในช่วงหน่วงเวลา
[2025-07-26T09:22:39.051Z] INFO รับข้อมูล Temperature: 39.9°C, Humidity: 53.9%, Smoke: 71
[2025-07-26T09:22:39.052Z] SUCCESS โหลด config.json สำเร็จ
[2025-07-26T09:22:39.052Z] WARNING ข้ามการส่งแจ้งเตือน เพราะยังอยู่ในช่วงหน่วงเวลา
[2025-07-26T09:22:40.279Z] INFO รับข้อมูล Temperature: 39.9°C, Humidity: 53.9%, Smoke: 70
[2025-07-26T09:22:40.280Z] WARNING ข้ามการส่งแจ้งเตือน เพราะยังอยู่ในช่วงหน่วงเวลา
[2025-07-26T09:22:40.280Z] SUCCESS โหลด config.json สำเร็จ
[2025-07-26T09:22:41.350Z] INFO รับข้อมูล Temperature: 39.9°C, Humidity: 54%, Smoke: 69
[2025-07-26T09:22:41.350Z] WARNING ข้ามการส่งแจ้งเตือน เพราะยังอยู่ในช่วงหน่วงเวลา
[2025-07-26T09:22:41.350Z] SUCCESS โหลด config.json สำเร็จ
[2025-07-26T09:22:42.418Z] INFO รับข้อมูล Temperature: 39.9°C, Humidity: 54%, Smoke: 71
[2025-07-26T09:22:42.419Z] SUCCESS โหลด config.json สำเร็จ
[2025-07-26T09:22:42.419Z] WARNING ข้ามการส่งแจ้งเตือน เพราะยังอยู่ในช่วงหน่วงเวลา
[2025-07-26T09:22:43.499Z] INFO รับข้อมูล Temperature: 39.9°C, Humidity: 54%, Smoke: 75
[2025-07-26T09:22:43.501Z] SUCCESS โหลด config.json สำเร็จ
[2025-07-26T09:22:43.502Z] WARNING ข้ามการส่งแจ้งเตือน เพราะยังอยู่ในช่วงหน่วงเวลา
[2025-07-26T09:22:44.784Z] INFO รับข้อมูล Temperature: 39.9°C, Humidity: 54%, Smoke: 73
[2025-07-26T09:22:44.784Z] SUCCESS โหลด config.json สำเร็จ
[2025-07-26T09:22:44.784Z] WARNING ข้ามการส่งแจ้งเตือน เพราะยังอยู่ในช่วงหน่วงเวลา
[2025-07-26T09:22:46.012Z] INFO รับข้อมูล Temperature: 39.8°C, Humidity: 54.1%, Smoke: 72
[2025-07-26T09:22:46.012Z] SUCCESS โหลด config.json สำเร็จ
[2025-07-26T09:22:46.013Z] WARNING ข้ามการส่งแจ้งเตือน เพราะยังอยู่ในช่วงหน่วงเวลา
[2025-07-26T09:22:47.086Z] INFO รับข้อมูล Temperature: 39.8°C, Humidity: 54.1%, Smoke: 73
[2025-07-26T09:22:47.087Z] SUCCESS โหลด config.json สำเร็จ
[2025-07-26T09:22:47.087Z] WARNING ข้ามการส่งแจ้งเตือน เพราะยังอยู่ในช่วงหน่วงเวลา
[2025-07-26T09:22:48.170Z] INFO รับข้อมูล Temperature: 39.8°C, Humidity: 54.1%, Smoke: 75
[2025-07-26T09:22:48.171Z] WARNING ข้ามการส่งแจ้งเตือน เพราะยังอยู่ในช่วงหน่วงเวลา
[2025-07-26T09:22:48.170Z] SUCCESS โหลด config.json สำเร็จ
[2025-07-26T09:22:49.243Z] INFO รับข้อมูล Temperature: 39.8°C, Humidity: 54.1%, Smoke: 77
[2025-07-26T09:22:49.244Z] WARNING ข้ามการส่งแจ้งเตือน เพราะยังอยู่ในช่วงหน่วงเวลา
[2025-07-26T09:22:49.244Z] SUCCESS โหลด config.json สำเร็จ
[2025-07-26T09:22:50.518Z] INFO รับข้อมูล Temperature: 39.8°C, Humidity: 54.2%, Smoke: 75
[2025-07-26T09:22:50.518Z] SUCCESS โหลด config.json สำเร็จ
[2025-07-26T09:22:50.519Z] WARNING ข้ามการส่งแจ้งเตือน เพราะยังอยู่ในช่วงหน่วงเวลา
[2025-07-26T09:22:51.598Z] INFO รับข้อมูล Temperature: 39.8°C, Humidity: 54.2%, Smoke: 77
[2025-07-26T09:22:51.599Z] SUCCESS โหลด config.json สำเร็จ
[2025-07-26T09:22:51.599Z] WARNING ข้ามการส่งแจ้งเตือน เพราะยังอยู่ในช่วงหน่วงเวลา
[2025-07-26T09:22:52.680Z] INFO รับข้อมูล Temperature: 39.8°C, Humidity: 54.2%, Smoke: 74
[2025-07-26T09:22:52.681Z] SUCCESS โหลด config.json สำเร็จ
[2025-07-26T09:22:52.681Z] WARNING ข้ามการส่งแจ้งเตือน เพราะยังอยู่ในช่วงหน่วงเวลา
[2025-07-26T09:22:53.796Z] INFO รับข้อมูล Temperature: 39.8°C, Humidity: 54.2%, Smoke: 75
[2025-07-26T09:22:53.798Z] SUCCESS โหลด config.json สำเร็จ
[2025-07-26T09:22:53.800Z] WARNING ข้ามการส่งแจ้งเตือน เพราะยังอยู่ในช่วงหน่วงเวลา
[2025-07-26T09:22:55.024Z] INFO รับข้อมูล Temperature: 39.8°C, Humidity: 54.1%, Smoke: 72
[2025-07-26T09:22:55.025Z] WARNING ข้ามการส่งแจ้งเตือน เพราะยังอยู่ในช่วงหน่วงเวลา
[2025-07-26T09:22:55.025Z] SUCCESS โหลด config.json สำเร็จ
[2025-07-26T09:22:56.253Z] SUCCESS โหลด config.json สำเร็จ
[2025-07-26T09:22:56.254Z] WARNING ข้ามการส่งแจ้งเตือน เพราะยังอยู่ในช่วงหน่วงเวลา
[2025-07-26T09:22:56.252Z] INFO รับข้อมูล Temperature: 39.8°C, Humidity: 54.1%, Smoke: 73
[2025-07-26T09:22:57.489Z] INFO รับข้อมูล Temperature: 39.8°C, Humidity: 54%, Smoke: 73
[2025-07-26T09:22:57.490Z] SUCCESS โหลด config.json สำเร็จ
[2025-07-26T09:22:57.490Z] WARNING ข้ามการส่งแจ้งเตือน เพราะยังอยู่ในช่วงหน่วงเวลา
[2025-07-26T09:22:59.120Z] INFO รับข้อมูล Temperature: 39.8°C, Humidity: 54%, Smoke: 77
[2025-07-26T09:22:59.121Z] SUCCESS โหลด config.json สำเร็จ
[2025-07-26T09:22:59.121Z] WARNING ข้ามการส่งแจ้งเตือน เพราะยังอยู่ในช่วงหน่วงเวลา
[2025-07-26T09:23:01.169Z] WARNING ข้ามการส่งแจ้งเตือน เพราะยังอยู่ในช่วงหน่วงเวลา
[2025-07-26T09:23:01.169Z] SUCCESS โหลด config.json สำเร็จ
[2025-07-26T09:23:01.168Z] INFO รับข้อมูล Temperature: 39.8°C, Humidity: 54%, Smoke: 80
[2025-07-26T09:23:02.394Z] INFO รับข้อมูล Temperature: 39.8°C, Humidity: 54%, Smoke: 81
[2025-07-26T09:23:02.395Z] SUCCESS โหลด config.json สำเร็จ
[2025-07-26T09:23:02.395Z] WARNING ข้ามการส่งแจ้งเตือน เพราะยังอยู่ในช่วงหน่วงเวลา
[2025-07-26T09:23:03.855Z] INFO รับข้อมูล Temperature: 39.8°C, Humidity: 54.1%, Smoke: 80
[2025-07-26T09:23:03.856Z] SUCCESS โหลด config.json สำเร็จ
[2025-07-26T09:23:03.856Z] WARNING ข้ามการส่งแจ้งเตือน เพราะยังอยู่ในช่วงหน่วงเวลา
[2025-07-26T09:23:05.059Z] INFO รับข้อมูล Temperature: 39.8°C, Humidity: 54.1%, Smoke: 78
[2025-07-26T09:23:05.060Z] SUCCESS โหลด config.json สำเร็จ
[2025-07-26T09:23:05.060Z] WARNING ข้ามการส่งแจ้งเตือน เพราะยังอยู่ในช่วงหน่วงเวลา
[2025-07-26T09:23:06.143Z] INFO รับข้อมูล Temperature: 39.8°C, Humidity: 54.1%, Smoke: 78
[2025-07-26T09:23:06.143Z] SUCCESS โหลด config.json สำเร็จ
[2025-07-26T09:23:06.143Z] WARNING ข้ามการส่งแจ้งเตือน เพราะยังอยู่ในช่วงหน่วงเวลา
[2025-07-26T09:23:07.210Z] INFO รับข้อมูล Temperature: 39.8°C, Humidity: 54.1%, Smoke: 78
[2025-07-26T09:23:07.211Z] WARNING ข้ามการส่งแจ้งเตือน เพราะยังอยู่ในช่วงหน่วงเวลา
[2025-07-26T09:23:07.211Z] SUCCESS โหลด config.json สำเร็จ
[2025-07-26T09:23:08.293Z] INFO รับข้อมูล Temperature: 39.8°C, Humidity: 54.1%, Smoke: 79
[2025-07-26T09:23:08.294Z] SUCCESS โหลด config.json สำเร็จ
[2025-07-26T09:23:08.294Z] WARNING ข้ามการส่งแจ้งเตือน เพราะยังอยู่ในช่วงหน่วงเวลา
[2025-07-26T09:23:09.367Z] INFO รับข้อมูล Temperature: 39.8°C, Humidity: 54.1%, Smoke: 78
[2025-07-26T09:23:09.368Z] SUCCESS โหลด config.json สำเร็จ
[2025-07-26T09:23:09.369Z] WARNING ข้ามการส่งแจ้งเตือน เพราะยังอยู่ในช่วงหน่วงเวลา
[2025-07-26T09:23:10.691Z] INFO รับข้อมูล Temperature: 39.8°C, Humidity: 54.3%, Smoke: 78
[2025-07-26T09:23:10.692Z] SUCCESS โหลด config.json สำเร็จ
[2025-07-26T09:23:10.692Z] WARNING ข้ามการส่งแจ้งเตือน เพราะยังอยู่ในช่วงหน่วงเวลา
[2025-07-26T09:23:11.769Z] INFO รับข้อมูล Temperature: 39.8°C, Humidity: 54.3%, Smoke: 74
[2025-07-26T09:23:11.769Z] SUCCESS โหลด config.json สำเร็จ
[2025-07-26T09:23:11.769Z] WARNING ข้ามการส่งแจ้งเตือน เพราะยังอยู่ในช่วงหน่วงเวลา
[2025-07-26T09:23:13.046Z] INFO รับข้อมูล Temperature: 39.8°C, Humidity: 54.3%, Smoke: 73
[2025-07-26T09:23:13.047Z] SUCCESS โหลด config.json สำเร็จ
[2025-07-26T09:23:13.047Z] WARNING ข้ามการส่งแจ้งเตือน เพราะยังอยู่ในช่วงหน่วงเวลา
[2025-07-26T09:23:14.122Z] INFO รับข้อมูล Temperature: 39.8°C, Humidity: 54.3%, Smoke: 70
[2025-07-26T09:23:14.122Z] SUCCESS โหลด config.json สำเร็จ
[2025-07-26T09:23:14.123Z] WARNING ข้ามการส่งแจ้งเตือน เพราะยังอยู่ในช่วงหน่วงเวลา
[2025-07-26T09:23:15.299Z] INFO รับข้อมูล Temperature: 39.8°C, Humidity: 54.2%, Smoke: 74
[2025-07-26T09:23:15.300Z] WARNING ข้ามการส่งแจ้งเตือน เพราะยังอยู่ในช่วงหน่วงเวลา
[2025-07-26T09:23:15.300Z] SUCCESS โหลด config.json สำเร็จ
[2025-07-26T09:23:16.528Z] INFO รับข้อมูล Temperature: 39.8°C, Humidity: 54.2%, Smoke: 73
[2025-07-26T09:23:16.528Z] SUCCESS โหลด config.json สำเร็จ
[2025-07-26T09:23:16.529Z] WARNING ข้ามการส่งแจ้งเตือน เพราะยังอยู่ในช่วงหน่วงเวลา
[2025-07-26T09:23:17.756Z] INFO รับข้อมูล Temperature: 39.8°C, Humidity: 54.1%, Smoke: 71
[2025-07-26T09:23:17.757Z] SUCCESS โหลด config.json สำเร็จ
[2025-07-26T09:23:17.757Z] WARNING ข้ามการส่งแจ้งเตือน เพราะยังอยู่ในช่วงหน่วงเวลา
[2025-07-26T09:23:18.985Z] INFO รับข้อมูล Temperature: 39.8°C, Humidity: 54.1%, Smoke: 69
[2025-07-26T09:23:18.985Z] SUCCESS โหลด config.json สำเร็จ
[2025-07-26T09:23:18.985Z] WARNING ข้ามการส่งแจ้งเตือน เพราะยังอยู่ในช่วงหน่วงเวลา
[2025-07-26T09:23:20.214Z] INFO รับข้อมูล Temperature: 39.8°C, Humidity: 54.2%, Smoke: 70
[2025-07-26T09:23:20.214Z] SUCCESS โหลด config.json สำเร็จ
[2025-07-26T09:23:20.215Z] WARNING ข้ามการส่งแจ้งเตือน เพราะยังอยู่ในช่วงหน่วงเวลา
[2025-07-26T09:23:21.443Z] INFO รับข้อมูล Temperature: 39.8°C, Humidity: 54.2%, Smoke: 69
[2025-07-26T09:23:21.443Z] SUCCESS โหลด config.json สำเร็จ
[2025-07-26T09:23:21.444Z] WARNING ข้ามการส่งแจ้งเตือน เพราะยังอยู่ในช่วงหน่วงเวลา
[2025-07-26T09:23:22.521Z] INFO รับข้อมูล Temperature: 39.8°C, Humidity: 54.1%, Smoke: 73
[2025-07-26T09:23:22.522Z] SUCCESS โหลด config.json สำเร็จ
[2025-07-26T09:23:22.522Z] WARNING ข้ามการส่งแจ้งเตือน เพราะยังอยู่ในช่วงหน่วงเวลา
[2025-07-26T09:23:23.597Z] INFO รับข้อมูล Temperature: 39.8°C, Humidity: 54.1%, Smoke: 71
[2025-07-26T09:23:23.597Z] WARNING ข้ามการส่งแจ้งเตือน เพราะยังอยู่ในช่วงหน่วงเวลา
[2025-07-26T09:23:23.597Z] SUCCESS โหลด config.json สำเร็จ
[2025-07-26T09:23:24.676Z] INFO รับข้อมูล Temperature: 39.8°C, Humidity: 54.1%, Smoke: 73
[2025-07-26T09:23:24.677Z] SUCCESS โหลด config.json สำเร็จ
[2025-07-26T09:23:24.678Z] WARNING ข้ามการส่งแจ้งเตือน เพราะยังอยู่ในช่วงหน่วงเวลา
[2025-07-26T09:23:25.746Z] INFO รับข้อมูล Temperature: 39.8°C, Humidity: 54.1%, Smoke: 73
[2025-07-26T09:23:25.747Z] SUCCESS โหลด config.json สำเร็จ
[2025-07-26T09:23:26.736Z] SUCCESS ส่งแจ้งเตือน Discord สำเร็จ
[2025-07-26T09:23:26.737Z] ERROR ไม่พบค่า TELEGRAM_BOT_TOKEN หรือ TELEGRAM_CHAT_ID
[2025-07-26T09:23:26.737Z] SUCCESS ส่งแจ้งเตือน Telegram สำเร็จ
[2025-07-26T09:23:27.841Z] INFO รับข้อมูล Temperature: 39.8°C, Humidity: 54.3%, Smoke: 68
[2025-07-26T09:23:27.844Z] SUCCESS โหลด config.json สำเร็จ
[2025-07-26T09:23:27.845Z] WARNING ข้ามการส่งแจ้งเตือน เพราะยังอยู่ในช่วงหน่วงเวลา
[2025-07-26T09:23:29.021Z] INFO รับข้อมูล Temperature: 39.8°C, Humidity: 54.3%, Smoke: 69
[2025-07-26T09:23:29.022Z] WARNING ข้ามการส่งแจ้งเตือน เพราะยังอยู่ในช่วงหน่วงเวลา
[2025-07-26T09:23:29.022Z] SUCCESS โหลด config.json สำเร็จ
[2025-07-26T09:23:30.101Z] INFO รับข้อมูล Temperature: 39.8°C, Humidity: 54.3%, Smoke: 67
[2025-07-26T09:23:30.101Z] SUCCESS โหลด config.json สำเร็จ
[2025-07-26T09:23:30.101Z] WARNING ข้ามการส่งแจ้งเตือน เพราะยังอยู่ในช่วงหน่วงเวลา
[2025-07-26T09:23:31.274Z] INFO รับข้อมูล Temperature: 39.8°C, Humidity: 54.3%, Smoke: 62
[2025-07-26T09:23:31.274Z] SUCCESS โหลด config.json สำเร็จ
[2025-07-26T09:23:31.274Z] WARNING ข้ามการส่งแจ้งเตือน เพราะยังอยู่ในช่วงหน่วงเวลา
[2025-07-26T09:23:32.504Z] WARNING ข้ามการส่งแจ้งเตือน เพราะยังอยู่ในช่วงหน่วงเวลา
[2025-07-26T09:23:32.504Z] SUCCESS โหลด config.json สำเร็จ
[2025-07-26T09:23:32.503Z] INFO รับข้อมูล Temperature: 39.8°C, Humidity: 54.3%, Smoke: 59
[2025-07-26T09:23:33.732Z] INFO รับข้อมูล Temperature: 39.8°C, Humidity: 54.3%, Smoke: 60
[2025-07-26T09:23:33.732Z] WARNING ข้ามการส่งแจ้งเตือน เพราะยังอยู่ในช่วงหน่วงเวลา
[2025-07-26T09:23:33.732Z] SUCCESS โหลด config.json สำเร็จ
[2025-07-26T09:23:34.960Z] INFO รับข้อมูล Temperature: 39.8°C, Humidity: 54.3%, Smoke: 57
[2025-07-26T09:23:34.961Z] SUCCESS โหลด config.json สำเร็จ
[2025-07-26T09:23:34.961Z] WARNING ข้ามการส่งแจ้งเตือน เพราะยังอยู่ในช่วงหน่วงเวลา
[2025-07-26T09:23:36.039Z] INFO รับข้อมูล Temperature: 39.8°C, Humidity: 54.3%, Smoke: 55
[2025-07-26T09:23:36.040Z] SUCCESS โหลด config.json สำเร็จ
[2025-07-26T09:23:36.040Z] WARNING ข้ามการส่งแจ้งเตือน เพราะยังอยู่ในช่วงหน่วงเวลา
[2025-07-26T09:23:37.124Z] INFO รับข้อมูล Temperature: 39.8°C, Humidity: 54.3%, Smoke: 61
[2025-07-26T09:23:37.125Z] WARNING ข้ามการส่งแจ้งเตือน เพราะยังอยู่ในช่วงหน่วงเวลา
[2025-07-26T09:23:37.124Z] SUCCESS โหลด config.json สำเร็จ
[2025-07-26T09:23:38.237Z] INFO รับข้อมูล Temperature: 39.8°C, Humidity: 54.3%, Smoke: 59
[2025-07-26T09:23:38.238Z] SUCCESS โหลด config.json สำเร็จ
[2025-07-26T09:23:38.238Z] WARNING ข้ามการส่งแจ้งเตือน เพราะยังอยู่ในช่วงหน่วงเวลา
[2025-07-26T09:23:39.467Z] INFO รับข้อมูล Temperature: 39.8°C, Humidity: 54.3%, Smoke: 61
[2025-07-26T09:23:39.468Z] WARNING ข้ามการส่งแจ้งเตือน เพราะยังอยู่ในช่วงหน่วงเวลา
[2025-07-26T09:23:39.467Z] SUCCESS โหลด config.json สำเร็จ
[2025-07-26T09:23:40.542Z] INFO รับข้อมูล Temperature: 39.8°C, Humidity: 54.3%, Smoke: 63
[2025-07-26T09:23:40.543Z] SUCCESS โหลด config.json สำเร็จ
[2025-07-26T09:23:40.543Z] WARNING ข้ามการส่งแจ้งเตือน เพราะยังอยู่ในช่วงหน่วงเวลา
[2025-07-26T09:23:41.719Z] INFO รับข้อมูล Temperature: 39.8°C, Humidity: 54.3%, Smoke: 63
[2025-07-26T09:23:41.720Z] SUCCESS โหลด config.json สำเร็จ
[2025-07-26T09:23:41.720Z] WARNING ข้ามการส่งแจ้งเตือน เพราะยังอยู่ในช่วงหน่วงเวลา
[2025-07-26T09:23:42.800Z] INFO รับข้อมูล Temperature: 39.8°C, Humidity: 54.3%, Smoke: 66
[2025-07-26T09:23:42.800Z] SUCCESS โหลด config.json สำเร็จ
[2025-07-26T09:23:42.801Z] WARNING ข้ามการส่งแจ้งเตือน เพราะยังอยู่ในช่วงหน่วงเวลา
[2025-07-26T09:23:43.882Z] INFO รับข้อมูล Temperature: 39.8°C, Humidity: 54.2%, Smoke: 66
[2025-07-26T09:23:43.883Z] WARNING ข้ามการส่งแจ้งเตือน เพราะยังอยู่ในช่วงหน่วงเวลา
[2025-07-26T09:23:43.883Z] SUCCESS โหลด config.json สำเร็จ
[2025-07-26T09:23:44.995Z] INFO รับข้อมูล Temperature: 39.8°C, Humidity: 54.2%, Smoke: 66
[2025-07-26T09:23:44.996Z] WARNING ข้ามการส่งแจ้งเตือน เพราะยังอยู่ในช่วงหน่วงเวลา
[2025-07-26T09:23:44.996Z] SUCCESS โหลด config.json สำเร็จ
[2025-07-26T09:23:46.225Z] INFO รับข้อมูล Temperature: 39.8°C, Humidity: 54.2%, Smoke: 69
[2025-07-26T09:23:46.225Z] SUCCESS โหลด config.json สำเร็จ
[2025-07-26T09:23:46.226Z] WARNING ข้ามการส่งแจ้งเตือน เพราะยังอยู่ในช่วงหน่วงเวลา
[2025-07-26T09:23:47.452Z] INFO รับข้อมูล Temperature: 39.8°C, Humidity: 54.2%, Smoke: 67
[2025-07-26T09:23:47.453Z] SUCCESS โหลด config.json สำเร็จ
[2025-07-26T09:23:47.453Z] WARNING ข้ามการส่งแจ้งเตือน เพราะยังอยู่ในช่วงหน่วงเวลา
[2025-07-26T09:23:48.682Z] INFO รับข้อมูล Temperature: 39.8°C, Humidity: 54.2%, Smoke: 67
[2025-07-26T09:23:48.683Z] SUCCESS โหลด config.json สำเร็จ
[2025-07-26T09:23:48.683Z] WARNING ข้ามการส่งแจ้งเตือน เพราะยังอยู่ในช่วงหน่วงเวลา
[2025-07-26T09:23:49.911Z] INFO รับข้อมูล Temperature: 39.8°C, Humidity: 54.2%, Smoke: 73
[2025-07-26T09:23:49.912Z] SUCCESS โหลด config.json สำเร็จ
[2025-07-26T09:23:49.912Z] WARNING ข้ามการส่งแจ้งเตือน เพราะยังอยู่ในช่วงหน่วงเวลา
[2025-07-26T09:23:50.999Z] INFO รับข้อมูล Temperature: 39.8°C, Humidity: 54%, Smoke: 71
[2025-07-26T09:23:51.000Z] WARNING ข้ามการส่งแจ้งเตือน เพราะยังอยู่ในช่วงหน่วงเวลา
[2025-07-26T09:23:51.000Z] SUCCESS โหลด config.json สำเร็จ
[2025-07-26T09:23:52.440Z] INFO เซิร์ฟเวอร์กำลังเริ่มต้น...
[2025-07-26T09:23:52.442Z] SUCCESS เชื่อมต่อฐานข้อมูลสำเร็จ
[2025-07-26T09:23:52.447Z] SUCCESS ✅ Server รันที่ http://localhost:3000
[2025-07-26T09:23:55.034Z] INFO รับข้อมูล Temperature: 39.8°C, Humidity: 54%, Smoke: 71
[2025-07-26T09:23:55.036Z] SUCCESS โหลด config.json สำเร็จ
[2025-07-26T09:23:56.058Z] SUCCESS ส่งแจ้งเตือน Discord สำเร็จ
[2025-07-26T09:23:57.718Z] ERROR ไม่สามารถเชื่อมต่อ Telegram ได้: Request failed with status code 400
[2025-07-26T09:23:57.718Z] SUCCESS ส่งแจ้งเตือน Telegram สำเร็จ
[2025-07-26T09:23:59.127Z] INFO รับข้อมูล Temperature: 39.9°C, Humidity: 53.9%, Smoke: 75
[2025-07-26T09:23:59.128Z] WARNING ข้ามการส่งแจ้งเตือน เพราะยังอยู่ในช่วงหน่วงเวลา
[2025-07-26T09:23:59.127Z] SUCCESS โหลด config.json สำเร็จ
[2025-07-26T09:24:00.199Z] INFO รับข้อมูล Temperature: 39.9°C, Humidity: 53.9%, Smoke: 74
[2025-07-26T09:24:00.200Z] SUCCESS โหลด config.json สำเร็จ
[2025-07-26T09:24:00.201Z] WARNING ข้ามการส่งแจ้งเตือน เพราะยังอยู่ในช่วงหน่วงเวลา
[2025-07-26T09:24:01.283Z] INFO รับข้อมูล Temperature: 39.9°C, Humidity: 53.9%, Smoke: 75
[2025-07-26T09:24:01.283Z] SUCCESS โหลด config.json สำเร็จ
[2025-07-26T09:24:01.284Z] WARNING ข้ามการส่งแจ้งเตือน เพราะยังอยู่ในช่วงหน่วงเวลา
[2025-07-26T09:24:02.403Z] INFO รับข้อมูล Temperature: 39.9°C, Humidity: 53.9%, Smoke: 77
[2025-07-26T09:24:02.404Z] SUCCESS โหลด config.json สำเร็จ
[2025-07-26T09:24:02.404Z] WARNING ข้ามการส่งแจ้งเตือน เพราะยังอยู่ในช่วงหน่วงเวลา
[2025-07-26T09:24:03.489Z] INFO รับข้อมูล Temperature: 39.9°C, Humidity: 53.9%, Smoke: 76
[2025-07-26T09:24:03.490Z] SUCCESS โหลด config.json สำเร็จ
[2025-07-26T09:24:03.490Z] WARNING ข้ามการส่งแจ้งเตือน เพราะยังอยู่ในช่วงหน่วงเวลา
[2025-07-26T09:24:04.658Z] INFO รับข้อมูล Temperature: 39.9°C, Humidity: 53.9%, Smoke: 74
[2025-07-26T09:24:04.658Z] SUCCESS โหลด config.json สำเร็จ
[2025-07-26T09:24:04.659Z] WARNING ข้ามการส่งแจ้งเตือน เพราะยังอยู่ในช่วงหน่วงเวลา
[2025-07-26T09:24:05.742Z] INFO รับข้อมูล Temperature: 39.9°C, Humidity: 53.9%, Smoke: 75
[2025-07-26T09:24:05.743Z] WARNING ข้ามการส่งแจ้งเตือน เพราะยังอยู่ในช่วงหน่วงเวลา
[2025-07-26T09:24:05.743Z] SUCCESS โหลด config.json สำเร็จ
[2025-07-26T09:24:06.910Z] INFO รับข้อมูล Temperature: 39.9°C, Humidity: 53.9%, Smoke: 78
[2025-07-26T09:24:06.910Z] SUCCESS โหลด config.json สำเร็จ
[2025-07-26T09:24:06.910Z] WARNING ข้ามการส่งแจ้งเตือน เพราะยังอยู่ในช่วงหน่วงเวลา
[2025-07-26T09:24:07.986Z] SUCCESS โหลด config.json สำเร็จ
[2025-07-26T09:24:07.985Z] INFO รับข้อมูล Temperature: 39.9°C, Humidity: 53.9%, Smoke: 71
[2025-07-26T09:24:07.987Z] WARNING ข้ามการส่งแจ้งเตือน เพราะยังอยู่ในช่วงหน่วงเวลา
[2025-07-26T09:24:09.057Z] INFO รับข้อมูล Temperature: 39.9°C, Humidity: 53.9%, Smoke: 74
[2025-07-26T09:24:09.058Z] SUCCESS โหลด config.json สำเร็จ
[2025-07-26T09:24:09.058Z] WARNING ข้ามการส่งแจ้งเตือน เพราะยังอยู่ในช่วงหน่วงเวลา
[2025-07-26T09:24:10.138Z] INFO รับข้อมูล Temperature: 39.9°C, Humidity: 53.9%, Smoke: 70
[2025-07-26T09:24:10.139Z] SUCCESS โหลด config.json สำเร็จ
[2025-07-26T09:24:10.139Z] WARNING ข้ามการส่งแจ้งเตือน เพราะยังอยู่ในช่วงหน่วงเวลา
[2025-07-26T09:24:11.415Z] INFO รับข้อมูล Temperature: 39.9°C, Humidity: 53.9%, Smoke: 72
[2025-07-26T09:24:11.416Z] SUCCESS โหลด config.json สำเร็จ
[2025-07-26T09:24:11.416Z] WARNING ข้ามการส่งแจ้งเตือน เพราะยังอยู่ในช่วงหน่วงเวลา
[2025-07-26T09:24:12.498Z] INFO รับข้อมูล Temperature: 39.9°C, Humidity: 53.9%, Smoke: 68
[2025-07-26T09:24:12.499Z] SUCCESS โหลด config.json สำเร็จ
[2025-07-26T09:24:12.499Z] WARNING ข้ามการส่งแจ้งเตือน เพราะยังอยู่ในช่วงหน่วงเวลา
[2025-07-26T09:24:13.574Z] SUCCESS โหลด config.json สำเร็จ
[2025-07-26T09:24:13.573Z] INFO รับข้อมูล Temperature: 39.9°C, Humidity: 53.9%, Smoke: 70
[2025-07-26T09:24:13.575Z] WARNING ข้ามการส่งแจ้งเตือน เพราะยังอยู่ในช่วงหน่วงเวลา
[2025-07-26T09:24:14.664Z] INFO รับข้อมูล Temperature: 39.9°C, Humidity: 53.9%, Smoke: 67
[2025-07-26T09:24:14.665Z] SUCCESS โหลด config.json สำเร็จ
[2025-07-26T09:24:14.665Z] WARNING ข้ามการส่งแจ้งเตือน เพราะยังอยู่ในช่วงหน่วงเวลา
[2025-07-26T09:24:15.922Z] WARNING ข้ามการส่งแจ้งเตือน เพราะยังอยู่ในช่วงหน่วงเวลา
[2025-07-26T09:24:15.921Z] SUCCESS โหลด config.json สำเร็จ
[2025-07-26T09:24:15.920Z] INFO รับข้อมูล Temperature: 39.9°C, Humidity: 53.9%, Smoke: 71
[2025-07-26T09:24:17.148Z] INFO รับข้อมูล Temperature: 39.9°C, Humidity: 53.9%, Smoke: 68
[2025-07-26T09:24:17.148Z] SUCCESS โหลด config.json สำเร็จ
[2025-07-26T09:24:17.148Z] WARNING ข้ามการส่งแจ้งเตือน เพราะยังอยู่ในช่วงหน่วงเวลา
[2025-07-26T09:24:18.377Z] INFO รับข้อมูล Temperature: 39.9°C, Humidity: 53.9%, Smoke: 67
[2025-07-26T09:24:18.378Z] SUCCESS โหลด config.json สำเร็จ
[2025-07-26T09:24:18.378Z] WARNING ข้ามการส่งแจ้งเตือน เพราะยังอยู่ในช่วงหน่วงเวลา
[2025-07-26T09:24:19.462Z] INFO รับข้อมูล Temperature: 39.9°C, Humidity: 53.8%, Smoke: 66
[2025-07-26T09:24:19.464Z] WARNING ข้ามการส่งแจ้งเตือน เพราะยังอยู่ในช่วงหน่วงเวลา
[2025-07-26T09:24:19.463Z] SUCCESS โหลด config.json สำเร็จ
[2025-07-26T09:24:20.630Z] INFO รับข้อมูล Temperature: 39.9°C, Humidity: 53.8%, Smoke: 70
[2025-07-26T09:24:20.630Z] SUCCESS โหลด config.json สำเร็จ
[2025-07-26T09:24:20.631Z] WARNING ข้ามการส่งแจ้งเตือน เพราะยังอยู่ในช่วงหน่วงเวลา
[2025-07-26T09:24:21.858Z] INFO รับข้อมูล Temperature: 39.9°C, Humidity: 53.6%, Smoke: 69
[2025-07-26T09:24:21.859Z] SUCCESS โหลด config.json สำเร็จ
[2025-07-26T09:24:21.859Z] WARNING ข้ามการส่งแจ้งเตือน เพราะยังอยู่ในช่วงหน่วงเวลา
[2025-07-26T09:24:22.936Z] INFO รับข้อมูล Temperature: 39.9°C, Humidity: 53.6%, Smoke: 66
[2025-07-26T09:24:22.937Z] SUCCESS โหลด config.json สำเร็จ
[2025-07-26T09:24:22.938Z] WARNING ข้ามการส่งแจ้งเตือน เพราะยังอยู่ในช่วงหน่วงเวลา
[2025-07-26T09:24:24.020Z] SUCCESS โหลด config.json สำเร็จ
[2025-07-26T09:24:24.019Z] INFO รับข้อมูล Temperature: 39.9°C, Humidity: 53.5%, Smoke: 70
[2025-07-26T09:24:24.020Z] WARNING ข้ามการส่งแจ้งเตือน เพราะยังอยู่ในช่วงหน่วงเวลา
[2025-07-26T09:24:25.092Z] INFO รับข้อมูล Temperature: 39.9°C, Humidity: 53.5%, Smoke: 74
[2025-07-26T09:24:25.092Z] SUCCESS โหลด config.json สำเร็จ
[2025-07-26T09:24:25.093Z] WARNING ข้ามการส่งแจ้งเตือน เพราะยังอยู่ในช่วงหน่วงเวลา
[2025-07-26T09:24:26.178Z] INFO รับข้อมูล Temperature: 39.9°C, Humidity: 53.5%, Smoke: 73
[2025-07-26T09:24:26.179Z] WARNING ข้ามการส่งแจ้งเตือน เพราะยังอยู่ในช่วงหน่วงเวลา
[2025-07-26T09:24:26.178Z] SUCCESS โหลด config.json สำเร็จ
[2025-07-26T09:24:27.390Z] INFO รับข้อมูล Temperature: 39.9°C, Humidity: 53.5%, Smoke: 73
[2025-07-26T09:24:27.390Z] SUCCESS โหลด config.json สำเร็จ
[2025-07-26T09:24:27.391Z] WARNING ข้ามการส่งแจ้งเตือน เพราะยังอยู่ในช่วงหน่วงเวลา
[2025-07-26T09:24:28.472Z] INFO รับข้อมูล Temperature: 39.9°C, Humidity: 53.6%, Smoke: 74
[2025-07-26T09:24:28.474Z] SUCCESS โหลด config.json สำเร็จ
[2025-07-26T09:24:28.474Z] WARNING ข้ามการส่งแจ้งเตือน เพราะยังอยู่ในช่วงหน่วงเวลา
[2025-07-26T09:24:29.644Z] INFO รับข้อมูล Temperature: 39.9°C, Humidity: 53.6%, Smoke: 73
[2025-07-26T09:24:29.644Z] SUCCESS โหลด config.json สำเร็จ
[2025-07-26T09:24:29.645Z] WARNING ข้ามการส่งแจ้งเตือน เพราะยังอยู่ในช่วงหน่วงเวลา
[2025-07-26T09:24:30.871Z] INFO รับข้อมูล Temperature: 39.9°C, Humidity: 53.6%, Smoke: 78
[2025-07-26T09:24:30.871Z] SUCCESS โหลด config.json สำเร็จ
[2025-07-26T09:24:30.872Z] WARNING ข้ามการส่งแจ้งเตือน เพราะยังอยู่ในช่วงหน่วงเวลา
[2025-07-26T09:24:31.949Z] INFO รับข้อมูล Temperature: 39.9°C, Humidity: 53.6%, Smoke: 76
[2025-07-26T09:24:31.950Z] SUCCESS โหลด config.json สำเร็จ
[2025-07-26T09:24:31.950Z] WARNING ข้ามการส่งแจ้งเตือน เพราะยังอยู่ในช่วงหน่วงเวลา
[2025-07-26T09:24:33.125Z] SUCCESS โหลด config.json สำเร็จ
[2025-07-26T09:24:33.123Z] INFO รับข้อมูล Temperature: 39.9°C, Humidity: 53.7%, Smoke: 75
[2025-07-26T09:24:33.126Z] WARNING ข้ามการส่งแจ้งเตือน เพราะยังอยู่ในช่วงหน่วงเวลา
[2025-07-26T09:24:34.355Z] INFO รับข้อมูล Temperature: 39.9°C, Humidity: 53.7%, Smoke: 75
[2025-07-26T09:24:34.356Z] WARNING ข้ามการส่งแจ้งเตือน เพราะยังอยู่ในช่วงหน่วงเวลา
[2025-07-26T09:24:34.356Z] SUCCESS โหลด config.json สำเร็จ
[2025-07-26T09:24:35.432Z] INFO รับข้อมูล Temperature: 39.9°C, Humidity: 53.8%, Smoke: 76
[2025-07-26T09:24:35.433Z] SUCCESS โหลด config.json สำเร็จ
[2025-07-26T09:24:35.433Z] WARNING ข้ามการส่งแจ้งเตือน เพราะยังอยู่ในช่วงหน่วงเวลา
[2025-07-26T09:24:36.605Z] INFO รับข้อมูล Temperature: 39.9°C, Humidity: 53.8%, Smoke: 75
[2025-07-26T09:24:36.606Z] SUCCESS โหลด config.json สำเร็จ
[2025-07-26T09:24:36.607Z] WARNING ข้ามการส่งแจ้งเตือน เพราะยังอยู่ในช่วงหน่วงเวลา
[2025-07-26T09:24:37.689Z] INFO รับข้อมูล Temperature: 39.9°C, Humidity: 53.9%, Smoke: 78
[2025-07-26T09:24:37.689Z] SUCCESS โหลด config.json สำเร็จ
[2025-07-26T09:24:37.689Z] WARNING ข้ามการส่งแจ้งเตือน เพราะยังอยู่ในช่วงหน่วงเวลา
[2025-07-26T09:24:38.859Z] INFO รับข้อมูล Temperature: 39.9°C, Humidity: 53.9%, Smoke: 78
[2025-07-26T09:24:38.861Z] WARNING ข้ามการส่งแจ้งเตือน เพราะยังอยู่ในช่วงหน่วงเวลา
[2025-07-26T09:24:38.860Z] SUCCESS โหลด config.json สำเร็จ
[2025-07-26T09:24:39.949Z] INFO รับข้อมูล Temperature: 39.9°C, Humidity: 53.9%, Smoke: 75
[2025-07-26T09:24:39.950Z] SUCCESS โหลด config.json สำเร็จ
[2025-07-26T09:24:39.950Z] WARNING ข้ามการส่งแจ้งเตือน เพราะยังอยู่ในช่วงหน่วงเวลา
[2025-07-26T09:24:41.111Z] INFO รับข้อมูล Temperature: 39.9°C, Humidity: 53.9%, Smoke: 70
[2025-07-26T09:24:41.111Z] SUCCESS โหลด config.json สำเร็จ
[2025-07-26T09:24:41.112Z] WARNING ข้ามการส่งแจ้งเตือน เพราะยังอยู่ในช่วงหน่วงเวลา
[2025-07-26T09:24:42.195Z] INFO รับข้อมูล Temperature: 39.9°C, Humidity: 53.9%, Smoke: 70
[2025-07-26T09:24:42.195Z] SUCCESS โหลด config.json สำเร็จ
[2025-07-26T09:24:42.196Z] WARNING ข้ามการส่งแจ้งเตือน เพราะยังอยู่ในช่วงหน่วงเวลา
[2025-07-26T09:24:43.362Z] INFO รับข้อมูล Temperature: 39.9°C, Humidity: 53.9%, Smoke: 69
[2025-07-26T09:24:43.363Z] SUCCESS โหลด config.json สำเร็จ
[2025-07-26T09:24:43.363Z] WARNING ข้ามการส่งแจ้งเตือน เพราะยังอยู่ในช่วงหน่วงเวลา
[2025-07-26T09:24:44.591Z] INFO รับข้อมูล Temperature: 39.9°C, Humidity: 53.9%, Smoke: 66
[2025-07-26T09:24:44.591Z] SUCCESS โหลด config.json สำเร็จ
[2025-07-26T09:24:44.592Z] WARNING ข้ามการส่งแจ้งเตือน เพราะยังอยู่ในช่วงหน่วงเวลา
[2025-07-26T09:24:45.665Z] INFO รับข้อมูล Temperature: 39.9°C, Humidity: 53.9%, Smoke: 64
[2025-07-26T09:24:45.665Z] SUCCESS โหลด config.json สำเร็จ
[2025-07-26T09:24:45.666Z] WARNING ข้ามการส่งแจ้งเตือน เพราะยังอยู่ในช่วงหน่วงเวลา
[2025-07-26T09:24:46.745Z] INFO รับข้อมูล Temperature: 39.9°C, Humidity: 53.9%, Smoke: 66
[2025-07-26T09:24:46.745Z] WARNING ข้ามการส่งแจ้งเตือน เพราะยังอยู่ในช่วงหน่วงเวลา
[2025-07-26T09:24:46.745Z] SUCCESS โหลด config.json สำเร็จ
[2025-07-26T09:24:47.869Z] INFO รับข้อมูล Temperature: 39.9°C, Humidity: 53.9%, Smoke: 66
[2025-07-26T09:24:47.870Z] SUCCESS โหลด config.json สำเร็จ
[2025-07-26T09:24:47.870Z] WARNING ข้ามการส่งแจ้งเตือน เพราะยังอยู่ในช่วงหน่วงเวลา
[2025-07-26T09:24:48.950Z] INFO รับข้อมูล Temperature: 39.9°C, Humidity: 53.9%, Smoke: 68
[2025-07-26T09:24:48.951Z] SUCCESS โหลด config.json สำเร็จ
[2025-07-26T09:24:48.951Z] WARNING ข้ามการส่งแจ้งเตือน เพราะยังอยู่ในช่วงหน่วงเวลา
[2025-07-26T09:24:50.120Z] INFO รับข้อมูล Temperature: 39.9°C, Humidity: 53.9%, Smoke: 67
[2025-07-26T09:24:50.120Z] SUCCESS โหลด config.json สำเร็จ
[2025-07-26T09:24:50.121Z] WARNING ข้ามการส่งแจ้งเตือน เพราะยังอยู่ในช่วงหน่วงเวลา
[2025-07-26T09:24:51.209Z] INFO รับข้อมูล Temperature: 39.9°C, Humidity: 53.9%, Smoke: 64
[2025-07-26T09:24:51.210Z] SUCCESS โหลด config.json สำเร็จ
[2025-07-26T09:24:51.210Z] WARNING ข้ามการส่งแจ้งเตือน เพราะยังอยู่ในช่วงหน่วงเวลา
[2025-07-26T09:24:52.374Z] INFO รับข้อมูล Temperature: 39.9°C, Humidity: 53.9%, Smoke: 66
[2025-07-26T09:24:52.375Z] SUCCESS โหลด config.json สำเร็จ
[2025-07-26T09:24:52.375Z] WARNING ข้ามการส่งแจ้งเตือน เพราะยังอยู่ในช่วงหน่วงเวลา
[2025-07-26T09:24:53.458Z] INFO รับข้อมูล Temperature: 39.9°C, Humidity: 53.8%, Smoke: 62
[2025-07-26T09:24:53.458Z] SUCCESS โหลด config.json สำเร็จ
[2025-07-26T09:24:53.458Z] WARNING ข้ามการส่งแจ้งเตือน เพราะยังอยู่ในช่วงหน่วงเวลา
[2025-07-26T09:24:54.625Z] INFO รับข้อมูล Temperature: 39.9°C, Humidity: 53.8%, Smoke: 65
[2025-07-26T09:24:54.626Z] WARNING ข้ามการส่งแจ้งเตือน เพราะยังอยู่ในช่วงหน่วงเวลา
[2025-07-26T09:24:54.626Z] SUCCESS โหลด config.json สำเร็จ
[2025-07-26T09:24:55.856Z] INFO รับข้อมูล Temperature: 39.9°C, Humidity: 53.8%, Smoke: 64
[2025-07-26T09:24:55.858Z] SUCCESS โหลด config.json สำเร็จ
[2025-07-26T09:24:57.027Z] SUCCESS ส่งแจ้งเตือน Discord สำเร็จ
[2025-07-26T09:24:58.419Z] ERROR ไม่สามารถเชื่อมต่อ Telegram ได้: Request failed with status code 400
[2025-07-26T09:24:58.420Z] SUCCESS ส่งแจ้งเตือน Telegram สำเร็จ
[2025-07-26T09:25:00.361Z] INFO รับข้อมูล Temperature: 39.9°C, Humidity: 53.7%, Smoke: 65
[2025-07-26T09:25:00.362Z] WARNING ข้ามการส่งแจ้งเตือน เพราะยังอยู่ในช่วงหน่วงเวลา
[2025-07-26T09:25:00.361Z] SUCCESS โหลด config.json สำเร็จ
[2025-07-26T09:25:01.593Z] INFO รับข้อมูล Temperature: 39.9°C, Humidity: 53.7%, Smoke: 65
[2025-07-26T09:25:01.594Z] SUCCESS โหลด config.json สำเร็จ
[2025-07-26T09:25:01.594Z] WARNING ข้ามการส่งแจ้งเตือน เพราะยังอยู่ในช่วงหน่วงเวลา
[2025-07-26T09:25:02.823Z] INFO รับข้อมูล Temperature: 39.9°C, Humidity: 53.6%, Smoke: 68
[2025-07-26T09:25:02.824Z] SUCCESS โหลด config.json สำเร็จ
[2025-07-26T09:25:02.824Z] WARNING ข้ามการส่งแจ้งเตือน เพราะยังอยู่ในช่วงหน่วงเวลา
[2025-07-26T09:26:57.982Z] INFO เซิร์ฟเวอร์กำลังเริ่มต้น...
[2025-07-26T09:26:57.984Z] SUCCESS เชื่อมต่อฐานข้อมูลสำเร็จ
[2025-07-26T09:26:57.988Z] SUCCESS ✅ Server รันที่ http://localhost:3000
[2025-07-26T09:26:58.326Z] INFO รับข้อมูล Temperature: 39.8°C, Humidity: 53.7%, Smoke: 64
[2025-07-26T09:26:58.327Z] SUCCESS โหลด config.json สำเร็จ
[2025-07-26T09:27:00.726Z] SUCCESS ส่งแจ้งเตือน Discord สำเร็จ
[2025-07-26T09:27:03.188Z] ERROR ส่งแจ้งเตือน Telegram ผิดพลาด: Request failed with status code 400
[2025-07-26T09:27:03.190Z] ERROR รายละเอียดจาก Telegram: {"ok":false,"error_code":400,"description":"Bad Request: chat not found"}
[2025-07-26T09:27:03.193Z] SUCCESS ส่งแจ้งเตือน Telegram สำเร็จ
[2025-07-26T09:27:04.263Z] INFO รับข้อมูล Temperature: 39.8°C, Humidity: 53.7%, Smoke: 61
[2025-07-26T09:27:04.264Z] WARNING ข้ามการส่งแจ้งเตือน เพราะยังอยู่ในช่วงหน่วงเวลา
[2025-07-26T09:27:04.264Z] SUCCESS โหลด config.json สำเร็จ
[2025-07-26T09:27:05.491Z] INFO รับข้อมูล Temperature: 39.8°C, Humidity: 53.7%, Smoke: 59
[2025-07-26T09:27:05.492Z] SUCCESS โหลด config.json สำเร็จ
[2025-07-26T09:27:05.492Z] WARNING ข้ามการส่งแจ้งเตือน เพราะยังอยู่ในช่วงหน่วงเวลา
[2025-07-26T09:27:06.722Z] INFO รับข้อมูล Temperature: 39.8°C, Humidity: 53.8%, Smoke: 59
[2025-07-26T09:27:06.723Z] WARNING ข้ามการส่งแจ้งเตือน เพราะยังอยู่ในช่วงหน่วงเวลา
[2025-07-26T09:27:06.723Z] SUCCESS โหลด config.json สำเร็จ
[2025-07-26T09:27:07.951Z] INFO รับข้อมูล Temperature: 39.8°C, Humidity: 53.8%, Smoke: 58
[2025-07-26T09:27:07.952Z] WARNING ข้ามการส่งแจ้งเตือน เพราะยังอยู่ในช่วงหน่วงเวลา
[2025-07-26T09:27:07.951Z] SUCCESS โหลด config.json สำเร็จ
[2025-07-26T09:27:09.178Z] INFO รับข้อมูล Temperature: 39.8°C, Humidity: 53.9%, Smoke: 52
[2025-07-26T09:27:09.179Z] SUCCESS โหลด config.json สำเร็จ
[2025-07-26T09:27:09.180Z] WARNING ข้ามการส่งแจ้งเตือน เพราะยังอยู่ในช่วงหน่วงเวลา
[2025-07-26T09:27:10.407Z] INFO รับข้อมูล Temperature: 39.8°C, Humidity: 53.9%, Smoke: 55
[2025-07-26T09:27:10.407Z] SUCCESS โหลด config.json สำเร็จ
[2025-07-26T09:27:10.408Z] WARNING ข้ามการส่งแจ้งเตือน เพราะยังอยู่ในช่วงหน่วงเวลา
[2025-07-26T09:27:11.481Z] INFO รับข้อมูล Temperature: 39.7°C, Humidity: 53.9%, Smoke: 57
[2025-07-26T09:27:11.483Z] SUCCESS โหลด config.json สำเร็จ
[2025-07-26T09:27:11.484Z] WARNING ข้ามการส่งแจ้งเตือน เพราะยังอยู่ในช่วงหน่วงเวลา
[2025-07-26T09:27:12.660Z] INFO รับข้อมูล Temperature: 39.7°C, Humidity: 53.9%, Smoke: 58
[2025-07-26T09:27:12.661Z] WARNING ข้ามการส่งแจ้งเตือน เพราะยังอยู่ในช่วงหน่วงเวลา
[2025-07-26T09:27:12.661Z] SUCCESS โหลด config.json สำเร็จ
[2025-07-26T09:27:13.888Z] INFO รับข้อมูล Temperature: 39.8°C, Humidity: 53.9%, Smoke: 58
[2025-07-26T09:27:13.888Z] SUCCESS โหลด config.json สำเร็จ
[2025-07-26T09:27:13.889Z] WARNING ข้ามการส่งแจ้งเตือน เพราะยังอยู่ในช่วงหน่วงเวลา
[2025-07-26T09:27:14.969Z] INFO รับข้อมูล Temperature: 39.8°C, Humidity: 53.9%, Smoke: 58
[2025-07-26T09:27:14.970Z] SUCCESS โหลด config.json สำเร็จ
[2025-07-26T09:27:14.970Z] WARNING ข้ามการส่งแจ้งเตือน เพราะยังอยู่ในช่วงหน่วงเวลา
[2025-07-26T09:27:16.140Z] INFO รับข้อมูล Temperature: 39.8°C, Humidity: 53.8%, Smoke: 54
[2025-07-26T09:27:16.142Z] WARNING ข้ามการส่งแจ้งเตือน เพราะยังอยู่ในช่วงหน่วงเวลา
[2025-07-26T09:27:16.140Z] SUCCESS โหลด config.json สำเร็จ
[2025-07-26T09:27:17.216Z] INFO รับข้อมูล Temperature: 39.8°C, Humidity: 53.8%, Smoke: 56
[2025-07-26T09:27:17.217Z] SUCCESS โหลด config.json สำเร็จ
[2025-07-26T09:27:17.217Z] WARNING ข้ามการส่งแจ้งเตือน เพราะยังอยู่ในช่วงหน่วงเวลา
[2025-07-26T09:27:18.301Z] INFO รับข้อมูล Temperature: 39.8°C, Humidity: 53.8%, Smoke: 56
[2025-07-26T09:27:18.302Z] SUCCESS โหลด config.json สำเร็จ
[2025-07-26T09:27:18.302Z] WARNING ข้ามการส่งแจ้งเตือน เพราะยังอยู่ในช่วงหน่วงเวลา
[2025-07-26T09:27:19.372Z] INFO รับข้อมูล Temperature: 39.8°C, Humidity: 53.8%, Smoke: 58
[2025-07-26T09:27:19.372Z] WARNING ข้ามการส่งแจ้งเตือน เพราะยังอยู่ในช่วงหน่วงเวลา
[2025-07-26T09:27:19.372Z] SUCCESS โหลด config.json สำเร็จ
[2025-07-26T09:27:20.456Z] INFO รับข้อมูล Temperature: 39.8°C, Humidity: 53.7%, Smoke: 57
[2025-07-26T09:27:20.456Z] WARNING ข้ามการส่งแจ้งเตือน เพราะยังอยู่ในช่วงหน่วงเวลา
[2025-07-26T09:27:20.456Z] SUCCESS โหลด config.json สำเร็จ
[2025-07-26T09:27:21.523Z] INFO รับข้อมูล Temperature: 39.8°C, Humidity: 53.7%, Smoke: 54
[2025-07-26T09:27:21.524Z] SUCCESS โหลด config.json สำเร็จ
[2025-07-26T09:27:21.524Z] WARNING ข้ามการส่งแจ้งเตือน เพราะยังอยู่ในช่วงหน่วงเวลา
[2025-07-26T09:27:22.694Z] INFO รับข้อมูล Temperature: 39.7°C, Humidity: 53.8%, Smoke: 58
[2025-07-26T09:27:22.695Z] SUCCESS โหลด config.json สำเร็จ
[2025-07-26T09:27:22.695Z] WARNING ข้ามการส่งแจ้งเตือน เพราะยังอยู่ในช่วงหน่วงเวลา
[2025-07-26T09:27:23.772Z] INFO รับข้อมูล Temperature: 39.7°C, Humidity: 53.8%, Smoke: 57
[2025-07-26T09:27:23.772Z] SUCCESS โหลด config.json สำเร็จ
[2025-07-26T09:27:23.773Z] WARNING ข้ามการส่งแจ้งเตือน เพราะยังอยู่ในช่วงหน่วงเวลา
[2025-07-26T09:27:24.854Z] INFO รับข้อมูล Temperature: 39.8°C, Humidity: 53.8%, Smoke: 58
[2025-07-26T09:27:24.855Z] WARNING ข้ามการส่งแจ้งเตือน เพราะยังอยู่ในช่วงหน่วงเวลา
[2025-07-26T09:27:24.855Z] SUCCESS โหลด config.json สำเร็จ
[2025-07-26T09:27:25.971Z] INFO รับข้อมูล Temperature: 39.8°C, Humidity: 53.8%, Smoke: 61
[2025-07-26T09:27:25.971Z] SUCCESS โหลด config.json สำเร็จ
[2025-07-26T09:27:25.972Z] WARNING ข้ามการส่งแจ้งเตือน เพราะยังอยู่ในช่วงหน่วงเวลา
[2025-07-26T09:27:27.059Z] INFO รับข้อมูล Temperature: 39.7°C, Humidity: 53.7%, Smoke: 59
[2025-07-26T09:27:27.060Z] SUCCESS โหลด config.json สำเร็จ
[2025-07-26T09:27:27.060Z] WARNING ข้ามการส่งแจ้งเตือน เพราะยังอยู่ในช่วงหน่วงเวลา
[2025-07-26T09:27:28.129Z] INFO รับข้อมูล Temperature: 39.7°C, Humidity: 53.7%, Smoke: 63
[2025-07-26T09:27:28.130Z] SUCCESS โหลด config.json สำเร็จ
[2025-07-26T09:27:28.130Z] WARNING ข้ามการส่งแจ้งเตือน เพราะยังอยู่ในช่วงหน่วงเวลา
[2025-07-26T09:27:29.208Z] INFO รับข้อมูล Temperature: 39.7°C, Humidity: 53.7%, Smoke: 62
[2025-07-26T09:27:29.209Z] SUCCESS โหลด config.json สำเร็จ
[2025-07-26T09:27:29.209Z] WARNING ข้ามการส่งแจ้งเตือน เพราะยังอยู่ในช่วงหน่วงเวลา
[2025-07-26T09:27:30.476Z] INFO รับข้อมูล Temperature: 39.7°C, Humidity: 53.7%, Smoke: 63
[2025-07-26T09:27:30.476Z] SUCCESS โหลด config.json สำเร็จ
[2025-07-26T09:27:30.476Z] WARNING ข้ามการส่งแจ้งเตือน เพราะยังอยู่ในช่วงหน่วงเวลา
[2025-07-26T09:27:31.705Z] INFO รับข้อมูล Temperature: 39.7°C, Humidity: 53.7%, Smoke: 58
[2025-07-26T09:27:31.706Z] WARNING ข้ามการส่งแจ้งเตือน เพราะยังอยู่ในช่วงหน่วงเวลา
[2025-07-26T09:27:31.705Z] SUCCESS โหลด config.json สำเร็จ
[2025-07-26T09:27:32.935Z] INFO รับข้อมูล Temperature: 39.7°C, Humidity: 53.7%, Smoke: 63
[2025-07-26T09:27:32.936Z] SUCCESS โหลด config.json สำเร็จ
[2025-07-26T09:27:32.936Z] WARNING ข้ามการส่งแจ้งเตือน เพราะยังอยู่ในช่วงหน่วงเวลา
[2025-07-26T09:27:34.162Z] INFO รับข้อมูล Temperature: 39.7°C, Humidity: 53.7%, Smoke: 64
[2025-07-26T09:27:34.163Z] SUCCESS โหลด config.json สำเร็จ
[2025-07-26T09:27:34.163Z] WARNING ข้ามการส่งแจ้งเตือน เพราะยังอยู่ในช่วงหน่วงเวลา
[2025-07-26T09:27:35.244Z] INFO รับข้อมูล Temperature: 39.7°C, Humidity: 53.7%, Smoke: 62
[2025-07-26T09:27:35.245Z] SUCCESS โหลด config.json สำเร็จ
[2025-07-26T09:27:35.245Z] WARNING ข้ามการส่งแจ้งเตือน เพราะยังอยู่ในช่วงหน่วงเวลา
[2025-07-26T09:27:36.326Z] INFO รับข้อมูล Temperature: 39.7°C, Humidity: 53.7%, Smoke: 66
[2025-07-26T09:27:36.327Z] SUCCESS โหลด config.json สำเร็จ
[2025-07-26T09:27:36.327Z] WARNING ข้ามการส่งแจ้งเตือน เพราะยังอยู่ในช่วงหน่วงเวลา
[2025-07-26T09:27:37.396Z] INFO รับข้อมูล Temperature: 39.7°C, Humidity: 53.7%, Smoke: 66
[2025-07-26T09:27:37.397Z] SUCCESS โหลด config.json สำเร็จ
[2025-07-26T09:27:37.397Z] WARNING ข้ามการส่งแจ้งเตือน เพราะยังอยู่ในช่วงหน่วงเวลา
[2025-07-26T09:27:38.668Z] INFO รับข้อมูล Temperature: 39.7°C, Humidity: 53.8%, Smoke: 66
[2025-07-26T09:27:38.669Z] SUCCESS โหลด config.json สำเร็จ
[2025-07-26T09:27:38.669Z] WARNING ข้ามการส่งแจ้งเตือน เพราะยังอยู่ในช่วงหน่วงเวลา
[2025-07-26T09:27:39.896Z] INFO รับข้อมูล Temperature: 39.7°C, Humidity: 53.8%, Smoke: 66
[2025-07-26T09:27:39.897Z] WARNING ข้ามการส่งแจ้งเตือน เพราะยังอยู่ในช่วงหน่วงเวลา
[2025-07-26T09:27:39.897Z] SUCCESS โหลด config.json สำเร็จ
[2025-07-26T09:27:40.970Z] INFO รับข้อมูล Temperature: 39.7°C, Humidity: 53.8%, Smoke: 62
[2025-07-26T09:27:40.971Z] WARNING ข้ามการส่งแจ้งเตือน เพราะยังอยู่ในช่วงหน่วงเวลา
[2025-07-26T09:27:40.971Z] SUCCESS โหลด config.json สำเร็จ
[2025-07-26T09:27:42.045Z] INFO รับข้อมูล Temperature: 39.7°C, Humidity: 53.8%, Smoke: 67
[2025-07-26T09:27:42.045Z] SUCCESS โหลด config.json สำเร็จ
[2025-07-26T09:27:42.046Z] WARNING ข้ามการส่งแจ้งเตือน เพราะยังอยู่ในช่วงหน่วงเวลา
[2025-07-26T09:27:43.129Z] INFO รับข้อมูล Temperature: 39.7°C, Humidity: 53.8%, Smoke: 64
[2025-07-26T09:27:43.130Z] SUCCESS โหลด config.json สำเร็จ
[2025-07-26T09:27:43.130Z] WARNING ข้ามการส่งแจ้งเตือน เพราะยังอยู่ในช่วงหน่วงเวลา
[2025-07-26T09:27:44.403Z] INFO รับข้อมูล Temperature: 39.7°C, Humidity: 53.8%, Smoke: 60
[2025-07-26T09:27:44.406Z] WARNING ข้ามการส่งแจ้งเตือน เพราะยังอยู่ในช่วงหน่วงเวลา
[2025-07-26T09:27:44.405Z] SUCCESS โหลด config.json สำเร็จ
[2025-07-26T09:27:45.636Z] SUCCESS โหลด config.json สำเร็จ
[2025-07-26T09:27:45.635Z] INFO รับข้อมูล Temperature: 39.7°C, Humidity: 54%, Smoke: 60
[2025-07-26T09:27:45.637Z] WARNING ข้ามการส่งแจ้งเตือน เพราะยังอยู่ในช่วงหน่วงเวลา
[2025-07-26T09:27:46.860Z] INFO รับข้อมูล Temperature: 39.7°C, Humidity: 54%, Smoke: 58
[2025-07-26T09:27:46.861Z] SUCCESS โหลด config.json สำเร็จ
[2025-07-26T09:27:46.861Z] WARNING ข้ามการส่งแจ้งเตือน เพราะยังอยู่ในช่วงหน่วงเวลา
[2025-07-26T09:27:47.942Z] INFO รับข้อมูล Temperature: 39.7°C, Humidity: 54%, Smoke: 58
[2025-07-26T09:27:47.942Z] WARNING ข้ามการส่งแจ้งเตือน เพราะยังอยู่ในช่วงหน่วงเวลา
[2025-07-26T09:27:47.942Z] SUCCESS โหลด config.json สำเร็จ
[2025-07-26T09:27:49.113Z] INFO รับข้อมูล Temperature: 39.7°C, Humidity: 54%, Smoke: 54
[2025-07-26T09:27:49.113Z] SUCCESS โหลด config.json สำเร็จ
[2025-07-26T09:27:49.113Z] WARNING ข้ามการส่งแจ้งเตือน เพราะยังอยู่ในช่วงหน่วงเวลา
[2025-07-26T09:27:50.198Z] INFO รับข้อมูล Temperature: 39.7°C, Humidity: 54%, Smoke: 58
[2025-07-26T09:27:50.200Z] SUCCESS โหลด config.json สำเร็จ
[2025-07-26T09:27:50.201Z] WARNING ข้ามการส่งแจ้งเตือน เพราะยังอยู่ในช่วงหน่วงเวลา
[2025-07-26T09:27:51.280Z] INFO รับข้อมูล Temperature: 39.7°C, Humidity: 54%, Smoke: 61
[2025-07-26T09:27:51.281Z] WARNING ข้ามการส่งแจ้งเตือน เพราะยังอยู่ในช่วงหน่วงเวลา
[2025-07-26T09:27:51.280Z] SUCCESS โหลด config.json สำเร็จ
[2025-07-26T09:27:52.361Z] WARNING ข้ามการส่งแจ้งเตือน เพราะยังอยู่ในช่วงหน่วงเวลา
[2025-07-26T09:27:52.360Z] SUCCESS โหลด config.json สำเร็จ
[2025-07-26T09:27:52.359Z] INFO รับข้อมูล Temperature: 39.7°C, Humidity: 54%, Smoke: 61
[2025-07-26T09:27:53.620Z] SUCCESS โหลด config.json สำเร็จ
[2025-07-26T09:27:53.619Z] INFO รับข้อมูล Temperature: 39.7°C, Humidity: 54%, Smoke: 61
[2025-07-26T09:27:53.620Z] WARNING ข้ามการส่งแจ้งเตือน เพราะยังอยู่ในช่วงหน่วงเวลา
[2025-07-26T09:27:54.694Z] INFO รับข้อมูล Temperature: 39.7°C, Humidity: 54%, Smoke: 64
[2025-07-26T09:27:54.695Z] WARNING ข้ามการส่งแจ้งเตือน เพราะยังอยู่ในช่วงหน่วงเวลา
[2025-07-26T09:27:54.695Z] SUCCESS โหลด config.json สำเร็จ
[2025-07-26T09:27:55.771Z] SUCCESS โหลด config.json สำเร็จ
[2025-07-26T09:27:55.771Z] WARNING ข้ามการส่งแจ้งเตือน เพราะยังอยู่ในช่วงหน่วงเวลา
[2025-07-26T09:27:55.770Z] INFO รับข้อมูล Temperature: 39.7°C, Humidity: 54%, Smoke: 69
[2025-07-26T09:27:56.895Z] INFO รับข้อมูล Temperature: 39.7°C, Humidity: 54%, Smoke: 67
[2025-07-26T09:27:56.896Z] SUCCESS โหลด config.json สำเร็จ
[2025-07-26T09:27:56.896Z] WARNING ข้ามการส่งแจ้งเตือน เพราะยังอยู่ในช่วงหน่วงเวลา
[2025-07-26T09:27:57.972Z] SUCCESS โหลด config.json สำเร็จ
[2025-07-26T09:27:57.972Z] INFO รับข้อมูล Temperature: 39.7°C, Humidity: 54%, Smoke: 72
[2025-07-26T09:27:57.973Z] WARNING ข้ามการส่งแจ้งเตือน เพราะยังอยู่ในช่วงหน่วงเวลา
[2025-07-26T09:27:59.054Z] INFO รับข้อมูล Temperature: 39.7°C, Humidity: 53.9%, Smoke: 73
[2025-07-26T09:27:59.055Z] SUCCESS โหลด config.json สำเร็จ
[2025-07-26T09:28:01.470Z] SUCCESS ส่งแจ้งเตือน Discord สำเร็จ
[2025-07-26T09:28:03.123Z] ERROR ส่งแจ้งเตือน Telegram ผิดพลาด: Request failed with status code 400
[2025-07-26T09:28:03.123Z] ERROR รายละเอียดจาก Telegram: {"ok":false,"error_code":400,"description":"Bad Request: chat not found"}
[2025-07-26T09:28:03.124Z] SUCCESS ส่งแจ้งเตือน Telegram สำเร็จ
[2025-07-26T09:28:04.474Z] INFO รับข้อมูล Temperature: 39.7°C, Humidity: 53.9%, Smoke: 65
[2025-07-26T09:28:04.477Z] WARNING ข้ามการส่งแจ้งเตือน เพราะยังอยู่ในช่วงหน่วงเวลา
[2025-07-26T09:28:04.475Z] SUCCESS โหลด config.json สำเร็จ
[2025-07-26T09:28:05.703Z] INFO รับข้อมูล Temperature: 39.7°C, Humidity: 53.9%, Smoke: 63
[2025-07-26T09:28:05.704Z] SUCCESS โหลด config.json สำเร็จ
[2025-07-26T09:28:05.704Z] WARNING ข้ามการส่งแจ้งเตือน เพราะยังอยู่ในช่วงหน่วงเวลา
[2025-07-26T09:28:07.464Z] SUCCESS ✅ Server รันที่ http://localhost:3000
[2025-07-26T09:28:07.460Z] SUCCESS เชื่อมต่อฐานข้อมูลสำเร็จ
[2025-07-26T09:28:07.459Z] INFO เซิร์ฟเวอร์กำลังเริ่มต้น...
[2025-07-26T09:28:09.601Z] INFO รับข้อมูล Temperature: 39.7°C, Humidity: 53.9%, Smoke: 62
[2025-07-26T09:28:09.602Z] SUCCESS โหลด config.json สำเร็จ
[2025-07-26T09:28:10.507Z] SUCCESS ส่งแจ้งเตือน Discord สำเร็จ
[2025-07-26T09:28:11.460Z] SUCCESS ส่งแจ้งเตือน Telegram สำเร็จ
[2025-07-26T09:28:12.871Z] INFO รับข้อมูล Temperature: 39.7°C, Humidity: 53.9%, Smoke: 62
[2025-07-26T09:28:12.872Z] SUCCESS โหลด config.json สำเร็จ
[2025-07-26T09:28:12.872Z] WARNING ข้ามการส่งแจ้งเตือน เพราะยังอยู่ในช่วงหน่วงเวลา
[2025-07-26T09:28:13.947Z] INFO รับข้อมูล Temperature: 39.7°C, Humidity: 53.9%, Smoke: 60
[2025-07-26T09:28:13.947Z] SUCCESS โหลด config.json สำเร็จ
[2025-07-26T09:28:13.948Z] WARNING ข้ามการส่งแจ้งเตือน เพราะยังอยู่ในช่วงหน่วงเวลา
[2025-07-26T09:28:15.028Z] INFO รับข้อมูล Temperature: 39.7°C, Humidity: 53.9%, Smoke: 57
[2025-07-26T09:28:15.029Z] SUCCESS โหลด config.json สำเร็จ
[2025-07-26T09:28:15.029Z] WARNING ข้ามการส่งแจ้งเตือน เพราะยังอยู่ในช่วงหน่วงเวลา
[2025-07-26T09:28:16.096Z] INFO รับข้อมูล Temperature: 39.7°C, Humidity: 53.9%, Smoke: 56
[2025-07-26T09:28:16.097Z] SUCCESS โหลด config.json สำเร็จ
[2025-07-26T09:28:16.097Z] WARNING ข้ามการส่งแจ้งเตือน เพราะยังอยู่ในช่วงหน่วงเวลา
[2025-07-26T09:28:17.179Z] SUCCESS โหลด config.json สำเร็จ
[2025-07-26T09:28:17.178Z] INFO รับข้อมูล Temperature: 39.7°C, Humidity: 53.9%, Smoke: 58
[2025-07-26T09:28:17.179Z] WARNING ข้ามการส่งแจ้งเตือน เพราะยังอยู่ในช่วงหน่วงเวลา
[2025-07-26T09:28:18.400Z] SUCCESS โหลด config.json สำเร็จ
[2025-07-26T09:28:18.399Z] INFO รับข้อมูล Temperature: 39.7°C, Humidity: 53.9%, Smoke: 56
[2025-07-26T09:28:18.400Z] WARNING ข้ามการส่งแจ้งเตือน เพราะยังอยู่ในช่วงหน่วงเวลา
[2025-07-26T09:28:19.485Z] INFO รับข้อมูล Temperature: 39.7°C, Humidity: 53.9%, Smoke: 57
[2025-07-26T09:28:19.486Z] WARNING ข้ามการส่งแจ้งเตือน เพราะยังอยู่ในช่วงหน่วงเวลา
[2025-07-26T09:28:19.486Z] SUCCESS โหลด config.json สำเร็จ
[2025-07-26T09:28:20.653Z] WARNING ข้ามการส่งแจ้งเตือน เพราะยังอยู่ในช่วงหน่วงเวลา
[2025-07-26T09:28:20.653Z] SUCCESS โหลด config.json สำเร็จ
[2025-07-26T09:28:20.651Z] INFO รับข้อมูล Temperature: 39.7°C, Humidity: 53.9%, Smoke: 58
[2025-07-26T09:28:21.731Z] SUCCESS โหลด config.json สำเร็จ
[2025-07-26T09:28:21.730Z] INFO รับข้อมูล Temperature: 39.7°C, Humidity: 53.9%, Smoke: 58
[2025-07-26T09:28:21.731Z] WARNING ข้ามการส่งแจ้งเตือน เพราะยังอยู่ในช่วงหน่วงเวลา
[2025-07-26T09:28:22.905Z] SUCCESS โหลด config.json สำเร็จ
[2025-07-26T09:28:22.904Z] INFO รับข้อมูล Temperature: 39.7°C, Humidity: 53.9%, Smoke: 58
[2025-07-26T09:28:22.906Z] WARNING ข้ามการส่งแจ้งเตือน เพราะยังอยู่ในช่วงหน่วงเวลา
[2025-07-26T09:28:24.133Z] INFO รับข้อมูล Temperature: 39.7°C, Humidity: 54%, Smoke: 55
[2025-07-26T09:28:24.133Z] SUCCESS โหลด config.json สำเร็จ
[2025-07-26T09:28:24.134Z] WARNING ข้ามการส่งแจ้งเตือน เพราะยังอยู่ในช่วงหน่วงเวลา
[2025-07-26T09:28:25.205Z] INFO รับข้อมูล Temperature: 39.7°C, Humidity: 54%, Smoke: 58
[2025-07-26T09:28:25.207Z] WARNING ข้ามการส่งแจ้งเตือน เพราะยังอยู่ในช่วงหน่วงเวลา
[2025-07-26T09:28:25.207Z] SUCCESS โหลด config.json สำเร็จ
[2025-07-26T09:28:26.288Z] INFO รับข้อมูล Temperature: 39.7°C, Humidity: 53.9%, Smoke: 54
[2025-07-26T09:28:26.288Z] WARNING ข้ามการส่งแจ้งเตือน เพราะยังอยู่ในช่วงหน่วงเวลา
[2025-07-26T09:28:26.288Z] SUCCESS โหลด config.json สำเร็จ
[2025-07-26T09:28:27.410Z] INFO รับข้อมูล Temperature: 39.7°C, Humidity: 53.9%, Smoke: 56
[2025-07-26T09:28:27.411Z] WARNING ข้ามการส่งแจ้งเตือน เพราะยังอยู่ในช่วงหน่วงเวลา
[2025-07-26T09:28:27.411Z] SUCCESS โหลด config.json สำเร็จ
[2025-07-26T09:28:28.638Z] INFO รับข้อมูล Temperature: 39.7°C, Humidity: 53.8%, Smoke: 56
[2025-07-26T09:28:28.639Z] SUCCESS โหลด config.json สำเร็จ
[2025-07-26T09:28:28.639Z] WARNING ข้ามการส่งแจ้งเตือน เพราะยังอยู่ในช่วงหน่วงเวลา
[2025-07-26T09:28:29.711Z] SUCCESS โหลด config.json สำเร็จ
[2025-07-26T09:28:29.710Z] INFO รับข้อมูล Temperature: 39.7°C, Humidity: 53.8%, Smoke: 56
[2025-07-26T09:28:29.711Z] WARNING ข้ามการส่งแจ้งเตือน เพราะยังอยู่ในช่วงหน่วงเวลา
[2025-07-26T09:28:30.792Z] INFO รับข้อมูล Temperature: 39.7°C, Humidity: 53.7%, Smoke: 59
[2025-07-26T09:28:30.793Z] SUCCESS โหลด config.json สำเร็จ
[2025-07-26T09:28:30.793Z] WARNING ข้ามการส่งแจ้งเตือน เพราะยังอยู่ในช่วงหน่วงเวลา
[2025-07-26T09:28:31.916Z] INFO รับข้อมูล Temperature: 39.7°C, Humidity: 53.7%, Smoke: 58
[2025-07-26T09:28:31.917Z] SUCCESS โหลด config.json สำเร็จ
[2025-07-26T09:28:31.917Z] WARNING ข้ามการส่งแจ้งเตือน เพราะยังอยู่ในช่วงหน่วงเวลา
[2025-07-26T09:28:32.991Z] INFO รับข้อมูล Temperature: 39.7°C, Humidity: 53.8%, Smoke: 54
[2025-07-26T09:28:32.992Z] SUCCESS โหลด config.json สำเร็จ
[2025-07-26T09:28:32.992Z] WARNING ข้ามการส่งแจ้งเตือน เพราะยังอยู่ในช่วงหน่วงเวลา
[2025-07-26T09:28:34.167Z] INFO รับข้อมูล Temperature: 39.7°C, Humidity: 53.8%, Smoke: 52
[2025-07-26T09:28:34.168Z] SUCCESS โหลด config.json สำเร็จ
[2025-07-26T09:28:34.168Z] WARNING ข้ามการส่งแจ้งเตือน เพราะยังอยู่ในช่วงหน่วงเวลา
[2025-07-26T09:28:35.245Z] INFO รับข้อมูล Temperature: 39.7°C, Humidity: 53.9%, Smoke: 50
[2025-07-26T09:28:35.246Z] SUCCESS โหลด config.json สำเร็จ
[2025-07-26T09:28:35.247Z] WARNING ข้ามการส่งแจ้งเตือน เพราะยังอยู่ในช่วงหน่วงเวลา
[2025-07-26T09:28:36.318Z] INFO รับข้อมูล Temperature: 39.7°C, Humidity: 53.9%, Smoke: 53
[2025-07-26T09:28:36.319Z] SUCCESS โหลด config.json สำเร็จ
[2025-07-26T09:28:36.319Z] WARNING ข้ามการส่งแจ้งเตือน เพราะยังอยู่ในช่วงหน่วงเวลา
[2025-07-26T09:28:37.400Z] INFO รับข้อมูล Temperature: 39.7°C, Humidity: 53.9%, Smoke: 50
[2025-07-26T09:28:37.401Z] SUCCESS โหลด config.json สำเร็จ
[2025-07-26T09:28:37.401Z] WARNING ข้ามการส่งแจ้งเตือน เพราะยังอยู่ในช่วงหน่วงเวลา
[2025-07-26T09:28:38.674Z] INFO รับข้อมูล Temperature: 39.7°C, Humidity: 53.9%, Smoke: 52
[2025-07-26T09:28:38.674Z] SUCCESS โหลด config.json สำเร็จ
[2025-07-26T09:28:38.675Z] WARNING ข้ามการส่งแจ้งเตือน เพราะยังอยู่ในช่วงหน่วงเวลา
[2025-07-26T09:28:39.755Z] INFO รับข้อมูล Temperature: 39.7°C, Humidity: 53.9%, Smoke: 52
[2025-07-26T09:28:39.756Z] WARNING ข้ามการส่งแจ้งเตือน เพราะยังอยู่ในช่วงหน่วงเวลา
[2025-07-26T09:28:39.756Z] SUCCESS โหลด config.json สำเร็จ
[2025-07-26T09:28:40.928Z] SUCCESS โหลด config.json สำเร็จ
[2025-07-26T09:28:40.927Z] INFO รับข้อมูล Temperature: 39.7°C, Humidity: 53.9%, Smoke: 55
[2025-07-26T09:28:40.929Z] WARNING ข้ามการส่งแจ้งเตือน เพราะยังอยู่ในช่วงหน่วงเวลา
[2025-07-26T09:28:42.013Z] INFO รับข้อมูล Temperature: 39.7°C, Humidity: 53.9%, Smoke: 58
[2025-07-26T09:28:42.014Z] SUCCESS โหลด config.json สำเร็จ
[2025-07-26T09:28:42.014Z] WARNING ข้ามการส่งแจ้งเตือน เพราะยังอยู่ในช่วงหน่วงเวลา
[2025-07-26T09:28:43.087Z] INFO รับข้อมูล Temperature: 39.7°C, Humidity: 53.9%, Smoke: 58
[2025-07-26T09:28:43.087Z] SUCCESS โหลด config.json สำเร็จ
[2025-07-26T09:28:43.088Z] WARNING ข้ามการส่งแจ้งเตือน เพราะยังอยู่ในช่วงหน่วงเวลา
[2025-07-26T09:28:44.160Z] INFO รับข้อมูล Temperature: 39.7°C, Humidity: 53.9%, Smoke: 59
[2025-07-26T09:28:44.161Z] SUCCESS โหลด config.json สำเร็จ
[2025-07-26T09:28:44.161Z] WARNING ข้ามการส่งแจ้งเตือน เพราะยังอยู่ในช่วงหน่วงเวลา
[2025-07-26T09:28:45.240Z] INFO รับข้อมูล Temperature: 39.7°C, Humidity: 53.9%, Smoke: 62
[2025-07-26T09:28:45.241Z] WARNING ข้ามการส่งแจ้งเตือน เพราะยังอยู่ในช่วงหน่วงเวลา
[2025-07-26T09:28:45.241Z] SUCCESS โหลด config.json สำเร็จ
[2025-07-26T09:28:46.455Z] INFO รับข้อมูล Temperature: 39.7°C, Humidity: 54%, Smoke: 60
[2025-07-26T09:28:46.456Z] SUCCESS โหลด config.json สำเร็จ
[2025-07-26T09:28:46.456Z] WARNING ข้ามการส่งแจ้งเตือน เพราะยังอยู่ในช่วงหน่วงเวลา
[2025-07-26T09:28:47.528Z] INFO รับข้อมูล Temperature: 39.7°C, Humidity: 54%, Smoke: 62
[2025-07-26T09:28:47.529Z] SUCCESS โหลด config.json สำเร็จ
[2025-07-26T09:28:47.529Z] WARNING ข้ามการส่งแจ้งเตือน เพราะยังอยู่ในช่วงหน่วงเวลา
[2025-07-26T09:28:48.612Z] INFO รับข้อมูล Temperature: 39.7°C, Humidity: 54%, Smoke: 62
[2025-07-26T09:28:48.612Z] SUCCESS โหลด config.json สำเร็จ
[2025-07-26T09:28:48.613Z] WARNING ข้ามการส่งแจ้งเตือน เพราะยังอยู่ในช่วงหน่วงเวลา
[2025-07-26T09:28:49.679Z] INFO รับข้อมูล Temperature: 39.7°C, Humidity: 54%, Smoke: 60
[2025-07-26T09:28:49.680Z] SUCCESS โหลด config.json สำเร็จ
[2025-07-26T09:28:49.681Z] WARNING ข้ามการส่งแจ้งเตือน เพราะยังอยู่ในช่วงหน่วงเวลา
[2025-07-26T09:28:50.961Z] INFO รับข้อมูล Temperature: 39.7°C, Humidity: 54%, Smoke: 61
[2025-07-26T09:28:50.962Z] SUCCESS โหลด config.json สำเร็จ
[2025-07-26T09:28:50.962Z] WARNING ข้ามการส่งแจ้งเตือน เพราะยังอยู่ในช่วงหน่วงเวลา
[2025-07-26T09:28:52.036Z] INFO รับข้อมูล Temperature: 39.7°C, Humidity: 54%, Smoke: 55
[2025-07-26T09:28:52.038Z] WARNING ข้ามการส่งแจ้งเตือน เพราะยังอยู่ในช่วงหน่วงเวลา
[2025-07-26T09:28:52.038Z] SUCCESS โหลด config.json สำเร็จ
[2025-07-26T09:28:53.118Z] INFO รับข้อมูล Temperature: 39.7°C, Humidity: 54%, Smoke: 55
[2025-07-26T09:28:53.119Z] SUCCESS โหลด config.json สำเร็จ
[2025-07-26T09:28:53.119Z] WARNING ข้ามการส่งแจ้งเตือน เพราะยังอยู่ในช่วงหน่วงเวลา
[2025-07-26T09:28:54.193Z] INFO รับข้อมูล Temperature: 39.7°C, Humidity: 54%, Smoke: 54
[2025-07-26T09:28:54.194Z] WARNING ข้ามการส่งแจ้งเตือน เพราะยังอยู่ในช่วงหน่วงเวลา
[2025-07-26T09:28:54.194Z] SUCCESS โหลด config.json สำเร็จ
[2025-07-26T09:28:55.469Z] SUCCESS โหลด config.json สำเร็จ
[2025-07-26T09:28:55.468Z] INFO รับข้อมูล Temperature: 39.7°C, Humidity: 54%, Smoke: 58
[2025-07-26T09:28:55.469Z] WARNING ข้ามการส่งแจ้งเตือน เพราะยังอยู่ในช่วงหน่วงเวลา
[2025-07-26T09:28:56.698Z] INFO รับข้อมูล Temperature: 39.7°C, Humidity: 54%, Smoke: 55
[2025-07-26T09:28:56.699Z] SUCCESS โหลด config.json สำเร็จ
[2025-07-26T09:28:56.699Z] WARNING ข้ามการส่งแจ้งเตือน เพราะยังอยู่ในช่วงหน่วงเวลา
[2025-07-26T09:28:57.930Z] SUCCESS โหลด config.json สำเร็จ
[2025-07-26T09:28:57.929Z] INFO รับข้อมูล Temperature: 39.7°C, Humidity: 54%, Smoke: 59
[2025-07-26T09:28:57.930Z] WARNING ข้ามการส่งแจ้งเตือน เพราะยังอยู่ในช่วงหน่วงเวลา
[2025-07-26T09:28:59.153Z] INFO รับข้อมูล Temperature: 39.7°C, Humidity: 54%, Smoke: 62
[2025-07-26T09:28:59.154Z] WARNING ข้ามการส่งแจ้งเตือน เพราะยังอยู่ในช่วงหน่วงเวลา
[2025-07-26T09:28:59.154Z] SUCCESS โหลด config.json สำเร็จ
[2025-07-26T09:29:00.382Z] INFO รับข้อมูล Temperature: 39.7°C, Humidity: 54%, Smoke: 57
[2025-07-26T09:29:00.383Z] WARNING ข้ามการส่งแจ้งเตือน เพราะยังอยู่ในช่วงหน่วงเวลา
[2025-07-26T09:29:00.382Z] SUCCESS โหลด config.json สำเร็จ
[2025-07-26T09:29:02.021Z] INFO รับข้อมูล Temperature: 39.7°C, Humidity: 54%, Smoke: 57
[2025-07-26T09:29:02.022Z] SUCCESS โหลด config.json สำเร็จ
[2025-07-26T09:29:02.022Z] WARNING ข้ามการส่งแจ้งเตือน เพราะยังอยู่ในช่วงหน่วงเวลา
[2025-07-26T09:29:03.252Z] INFO รับข้อมูล Temperature: 39.7°C, Humidity: 54%, Smoke: 62
[2025-07-26T09:29:03.253Z] SUCCESS โหลด config.json สำเร็จ
[2025-07-26T09:29:03.254Z] WARNING ข้ามการส่งแจ้งเตือน เพราะยังอยู่ในช่วงหน่วงเวลา
[2025-07-26T09:29:04.332Z] INFO รับข้อมูล Temperature: 39.7°C, Humidity: 54%, Smoke: 65
[2025-07-26T09:29:04.333Z] SUCCESS โหลด config.json สำเร็จ
[2025-07-26T09:29:04.333Z] WARNING ข้ามการส่งแจ้งเตือน เพราะยังอยู่ในช่วงหน่วงเวลา
[2025-07-26T09:29:05.502Z] INFO รับข้อมูล Temperature: 39.6°C, Humidity: 54%, Smoke: 62
[2025-07-26T09:29:05.503Z] WARNING ข้ามการส่งแจ้งเตือน เพราะยังอยู่ในช่วงหน่วงเวลา
[2025-07-26T09:29:05.503Z] SUCCESS โหลด config.json สำเร็จ
[2025-07-26T09:29:06.731Z] INFO รับข้อมูล Temperature: 39.6°C, Humidity: 54%, Smoke: 63
[2025-07-26T09:29:06.732Z] WARNING ข้ามการส่งแจ้งเตือน เพราะยังอยู่ในช่วงหน่วงเวลา
[2025-07-26T09:29:06.732Z] SUCCESS โหลด config.json สำเร็จ
[2025-07-26T09:29:07.804Z] INFO รับข้อมูล Temperature: 39.7°C, Humidity: 54.1%, Smoke: 62
[2025-07-26T09:29:07.804Z] SUCCESS โหลด config.json สำเร็จ
[2025-07-26T09:29:07.805Z] WARNING ข้ามการส่งแจ้งเตือน เพราะยังอยู่ในช่วงหน่วงเวลา
[2025-07-26T09:29:08.981Z] INFO รับข้อมูล Temperature: 39.7°C, Humidity: 54.1%, Smoke: 63
[2025-07-26T09:29:08.983Z] SUCCESS โหลด config.json สำเร็จ
[2025-07-26T09:29:08.984Z] WARNING ข้ามการส่งแจ้งเตือน เพราะยังอยู่ในช่วงหน่วงเวลา
[2025-07-26T09:29:10.210Z] SUCCESS โหลด config.json สำเร็จ
[2025-07-26T09:29:10.209Z] INFO รับข้อมูล Temperature: 39.6°C, Humidity: 54.1%, Smoke: 66
[2025-07-26T09:29:11.277Z] SUCCESS ส่งแจ้งเตือน Discord สำเร็จ
[2025-07-26T09:29:12.671Z] SUCCESS ส่งแจ้งเตือน Telegram สำเร็จ
[2025-07-26T09:29:13.948Z] INFO รับข้อมูล Temperature: 39.6°C, Humidity: 54.1%, Smoke: 60
[2025-07-26T09:29:13.949Z] WARNING ข้ามการส่งแจ้งเตือน เพราะยังอยู่ในช่วงหน่วงเวลา
[2025-07-26T09:29:13.949Z] SUCCESS โหลด config.json สำเร็จ
[2025-07-26T09:29:15.023Z] INFO รับข้อมูล Temperature: 39.6°C, Humidity: 54.1%, Smoke: 58
[2025-07-26T09:29:15.024Z] SUCCESS โหลด config.json สำเร็จ
[2025-07-26T09:29:15.024Z] WARNING ข้ามการส่งแจ้งเตือน เพราะยังอยู่ในช่วงหน่วงเวลา
[2025-07-26T09:29:16.148Z] SUCCESS โหลด config.json สำเร็จ
[2025-07-26T09:29:16.147Z] INFO รับข้อมูล Temperature: 39.6°C, Humidity: 54%, Smoke: 58
[2025-07-26T09:29:16.148Z] WARNING ข้ามการส่งแจ้งเตือน เพราะยังอยู่ในช่วงหน่วงเวลา
[2025-07-26T09:29:17.227Z] INFO รับข้อมูล Temperature: 39.6°C, Humidity: 54%, Smoke: 54
[2025-07-26T09:29:17.228Z] SUCCESS โหลด config.json สำเร็จ
[2025-07-26T09:29:17.228Z] WARNING ข้ามการส่งแจ้งเตือน เพราะยังอยู่ในช่วงหน่วงเวลา
[2025-07-26T09:29:18.301Z] INFO รับข้อมูล Temperature: 39.6°C, Humidity: 54%, Smoke: 53
[2025-07-26T09:29:18.302Z] WARNING ข้ามการส่งแจ้งเตือน เพราะยังอยู่ในช่วงหน่วงเวลา
[2025-07-26T09:29:18.302Z] SUCCESS โหลด config.json สำเร็จ
[2025-07-26T09:29:19.424Z] INFO รับข้อมูล Temperature: 39.6°C, Humidity: 54%, Smoke: 55
[2025-07-26T09:29:19.426Z] SUCCESS โหลด config.json สำเร็จ
[2025-07-26T09:29:19.427Z] WARNING ข้ามการส่งแจ้งเตือน เพราะยังอยู่ในช่วงหน่วงเวลา
[2025-07-26T09:29:20.654Z] INFO รับข้อมูล Temperature: 39.6°C, Humidity: 54%, Smoke: 55
[2025-07-26T09:29:20.656Z] WARNING ข้ามการส่งแจ้งเตือน เพราะยังอยู่ในช่วงหน่วงเวลา
[2025-07-26T09:29:20.656Z] SUCCESS โหลด config.json สำเร็จ
[2025-07-26T09:29:21.882Z] INFO รับข้อมูล Temperature: 39.6°C, Humidity: 54%, Smoke: 55
[2025-07-26T09:29:21.883Z] SUCCESS โหลด config.json สำเร็จ
[2025-07-26T09:29:21.883Z] WARNING ข้ามการส่งแจ้งเตือน เพราะยังอยู่ในช่วงหน่วงเวลา
